0 verbose cli /usr/local/bin/node /usr/local/bin/npm
1 info using npm@10.9.3
2 info using node@v22.20.0
3 silly config load:file:/usr/local/lib/node_modules/npm/npmrc
4 silly config load:file:/Users/shibingzhang/git/imbinnng/x-link-expander-homepage/.npmrc
5 silly config load:file:/Users/shibingzhang/.npmrc
6 silly config load:file:/Users/shibingzhang/.npm-global/etc/npmrc
7 verbose title npm create svelte@latest . --template skeleton --types typescript --no-prettier --no-eslint --no-playwright --no-vitest
8 verbose argv "create" "svelte@latest" "." "--" "--template" "skeleton" "--types" "typescript" "--no-prettier" "--no-eslint" "--no-playwright" "--no-vitest"
9 verbose logfile logs-max:10 dir:/Users/shibingzhang/git/imbinnng/x-link-expander-homepage/npm-cache/_logs/2026-01-10T14_46_48_572Z-
10 verbose logfile /Users/shibingzhang/git/imbinnng/x-link-expander-homepage/npm-cache/_logs/2026-01-10T14_46_48_572Z-debug-0.log
11 silly logfile done cleaning log files
12 silly packumentCache heap:2197815296 maxSize:549453824 maxEntrySize:274726912
13 http fetch GET 200 https://registry.npmmirror.com/npm 316ms
14 http fetch GET 200 https://registry.npmmirror.com/create-svelte 440ms (cache miss)
15 silly packumentCache heap:2197815296 maxSize:549453824 maxEntrySize:274726912
16 warn exec The following package was not found and will be installed: create-svelte@7.0.1
17 silly idealTree buildDeps
18 silly fetch manifest create-svelte@7.0.1
19 silly packumentCache full:https://registry.npmmirror.com/create-svelte cache-miss
20 http fetch GET 200 https://registry.npmmirror.com/create-svelte 227ms (cache miss)
21 silly packumentCache full:https://registry.npmmirror.com/create-svelte set size:223257 disposed:false
22 silly placeDep ROOT create-svelte@7.0.1 OK for:  want: 7.0.1
23 silly reify moves {}
24 silly audit bulk request { 'create-svelte': [ '7.0.1' ] }
25 http cache create-svelte@https://registry.npmmirror.com/create-svelte/-/create-svelte-7.0.1.tgz 1ms (cache hit)
26 silly tarball no local data for create-svelte@https://registry.npmmirror.com/create-svelte/-/create-svelte-7.0.1.tgz. Extracting by manifest.
27 http fetch POST 404 https://registry.npmmirror.com/-/npm/v1/security/advisories/bulk 73ms
28 silly audit bulk request failed [object Object]
29 http fetch POST 404 https://registry.npmmirror.com/-/npm/v1/security/audits/quick 23ms
30 verbose audit error HttpErrorGeneral: 404 Not Found - POST https://registry.npmmirror.com/-/npm/v1/security/audits/quick - [NOT_IMPLEMENTED] /-/npm/v1/security/* not implemented yet
30 verbose audit error     at /usr/local/lib/node_modules/npm/node_modules/npm-registry-fetch/lib/check-response.js:103:15
30 verbose audit error     at process.processTicksAndRejections (node:internal/process/task_queues:105:5)
30 verbose audit error     at async [getReport] (/usr/local/lib/node_modules/npm/node_modules/@npmcli/arborist/lib/audit-report.js:336:21)
30 verbose audit error     at async AuditReport.run (/usr/local/lib/node_modules/npm/node_modules/@npmcli/arborist/lib/audit-report.js:106:19) {
30 verbose audit error   headers: [Object: null prototype] {
30 verbose audit error     server: [ 'Tengine' ],
30 verbose audit error     date: [ 'Sat, 10 Jan 2026 14:46:49 GMT' ],
30 verbose audit error     'content-type': [ 'application/json' ],
30 verbose audit error     'transfer-encoding': [ 'chunked' ],
30 verbose audit error     connection: [ 'keep-alive' ],
30 verbose audit error     'strict-transport-security': [ 'max-age=5184000' ],
30 verbose audit error     via: [ 'kunlun11.cn5230[,404666]' ],
30 verbose audit error     'timing-allow-origin': [ '*' ],
30 verbose audit error     eagleid: [ '6f30472817680564097315907e' ],
30 verbose audit error     'x-fetch-attempts': [ '1' ]
30 verbose audit error   },
30 verbose audit error   statusCode: 404,
30 verbose audit error   code: 'E404',
30 verbose audit error   method: 'POST',
30 verbose audit error   uri: 'https://registry.npmmirror.com/-/npm/v1/security/audits/quick',
30 verbose audit error   body: {
30 verbose audit error     error: '[NOT_IMPLEMENTED] /-/npm/v1/security/* not implemented yet'
30 verbose audit error   },
30 verbose audit error   pkgid: undefined
30 verbose audit error }
31 silly audit error [object Object]
32 silly audit report null
33 http fetch GET 200 https://cdn.npmmirror.com/packages/create-svelte/7.0.1/create-svelte-7.0.1.tgz 319ms (cache miss)
34 verbose cwd /Users/shibingzhang/git/imbinnng/x-link-expander-homepage
35 verbose os Darwin 24.6.0
36 verbose node v22.20.0
37 verbose npm  v10.9.3
38 notice
38 notice New major version of npm available! 10.9.3 -> 11.7.0
38 notice Changelog: https://github.com/npm/cli/releases/tag/v11.7.0
38 notice To update run: npm install -g npm@11.7.0
38 notice  { force: true, [Symbol(proc-log.meta)]: true }
39 verbose exit 0
40 info ok
