0 verbose cli /usr/local/bin/node /usr/local/bin/npm
1 info using npm@10.9.3
2 info using node@v22.20.0
3 silly config load:file:/usr/local/lib/node_modules/npm/npmrc
4 silly config load:file:/Users/shibingzhang/git/imbinnng/x-link-expander-homepage/.npmrc
5 silly config load:file:/Users/shibingzhang/.npmrc
6 silly config load:file:/Users/shibingzhang/.npm-global/etc/npmrc
7 verbose title npm install
8 verbose argv "install"
9 verbose logfile logs-max:10 dir:/Users/shibingzhang/git/imbinnng/x-link-expander-homepage/npm-cache/_logs/2026-01-10T14_47_36_222Z-
10 verbose logfile /Users/shibingzhang/git/imbinnng/x-link-expander-homepage/npm-cache/_logs/2026-01-10T14_47_36_222Z-debug-0.log
11 silly logfile done cleaning log files
12 silly packumentCache heap:2197815296 maxSize:549453824 maxEntrySize:274726912
13 silly idealTree buildDeps
14 silly fetch manifest @sveltejs/adapter-auto@^3.0.0
15 silly packumentCache full:https://registry.npmmirror.com/@sveltejs%2fadapter-auto cache-miss
16 http cache https://registry.npmmirror.com/@sveltejs%2fadapter-auto 7ms (cache hit)
17 silly packumentCache full:https://registry.npmmirror.com/@sveltejs%2fadapter-auto set size:372114 disposed:false
18 silly fetch manifest @sveltejs/kit@^2.0.0
19 silly packumentCache full:https://registry.npmmirror.com/@sveltejs%2fkit cache-miss
20 http cache https://registry.npmmirror.com/@sveltejs%2fkit 6ms (cache hit)
21 silly packumentCache full:https://registry.npmmirror.com/@sveltejs%2fkit set size:3888389 disposed:false
22 silly fetch manifest @opentelemetry/api@^1.0.0
23 silly packumentCache full:https://registry.npmmirror.com/@opentelemetry%2fapi cache-miss
24 http cache https://registry.npmmirror.com/@opentelemetry%2fapi 2ms (cache hit)
25 silly packumentCache full:https://registry.npmmirror.com/@opentelemetry%2fapi set size:218470 disposed:false
26 silly fetch manifest @sveltejs/vite-plugin-svelte@^4.0.0
27 silly packumentCache full:https://registry.npmmirror.com/@sveltejs%2fvite-plugin-svelte cache-miss
28 http cache https://registry.npmmirror.com/@sveltejs%2fvite-plugin-svelte 1ms (cache hit)
29 silly packumentCache full:https://registry.npmmirror.com/@sveltejs%2fvite-plugin-svelte set size:411148 disposed:false
30 silly fetch manifest svelte@^5.0.0
31 silly packumentCache full:https://registry.npmmirror.com/svelte cache-miss
32 http cache https://registry.npmmirror.com/svelte 5ms (cache hit)
33 silly packumentCache full:https://registry.npmmirror.com/svelte set size:4259793 disposed:false
34 silly fetch manifest vite@^5.0.0
35 silly packumentCache full:https://registry.npmmirror.com/vite cache-miss
36 http cache https://registry.npmmirror.com/vite 36ms (cache hit)
37 silly packumentCache full:https://registry.npmmirror.com/vite set size:38504945 disposed:false
38 silly fetch manifest @types/node@^18.0.0 || >=20.0.0
39 silly packumentCache full:https://registry.npmmirror.com/@types%2fnode cache-miss
40 http cache https://registry.npmmirror.com/@types%2fnode 9ms (cache hit)
41 silly packumentCache full:https://registry.npmmirror.com/@types%2fnode set size:9992327 disposed:false
42 silly fetch manifest less@*
43 silly packumentCache full:https://registry.npmmirror.com/less cache-miss
44 http cache https://registry.npmmirror.com/less 1ms (cache hit)
45 silly packumentCache full:https://registry.npmmirror.com/less set size:398393 disposed:false
46 silly fetch manifest lightningcss@^1.21.0
47 silly packumentCache full:https://registry.npmmirror.com/lightningcss cache-miss
48 http cache https://registry.npmmirror.com/lightningcss 2ms (cache hit)
49 silly packumentCache full:https://registry.npmmirror.com/lightningcss set size:178328 disposed:false
50 silly fetch manifest sass@*
51 silly packumentCache full:https://registry.npmmirror.com/sass cache-miss
52 http cache https://registry.npmmirror.com/sass 2ms (cache hit)
53 silly packumentCache full:https://registry.npmmirror.com/sass set size:594249 disposed:false
54 silly fetch manifest sass-embedded@*
55 silly packumentCache full:https://registry.npmmirror.com/sass-embedded cache-miss
56 http cache https://registry.npmmirror.com/sass-embedded 1ms (cache hit)
57 silly packumentCache full:https://registry.npmmirror.com/sass-embedded set size:414163 disposed:false
58 silly fetch manifest stylus@*
59 silly packumentCache full:https://registry.npmmirror.com/stylus cache-miss
60 http cache https://registry.npmmirror.com/stylus 1ms (cache hit)
61 silly packumentCache full:https://registry.npmmirror.com/stylus set size:312391 disposed:false
62 silly fetch manifest sugarss@*
63 silly packumentCache full:https://registry.npmmirror.com/sugarss cache-miss
64 http cache https://registry.npmmirror.com/sugarss 2ms (cache hit)
65 silly packumentCache full:https://registry.npmmirror.com/sugarss set size:38248 disposed:false
66 silly fetch manifest postcss@^8.3.3
67 silly packumentCache full:https://registry.npmmirror.com/postcss cache-miss
68 http cache https://registry.npmmirror.com/postcss 1ms (cache hit)
69 silly packumentCache full:https://registry.npmmirror.com/postcss set size:611725 disposed:false
70 silly fetch manifest terser@^5.4.0
71 silly packumentCache full:https://registry.npmmirror.com/terser cache-miss
72 http cache https://registry.npmmirror.com/terser 1ms (cache hit)
73 silly packumentCache full:https://registry.npmmirror.com/terser set size:679916 disposed:false
74 silly fetch manifest typescript@^5.0.0
75 silly packumentCache full:https://registry.npmmirror.com/typescript cache-miss
76 http fetch GET 200 https://registry.npmmirror.com/typescript 706ms (cache miss)
77 silly packumentCache full:https://registry.npmmirror.com/typescript set size:1651954 disposed:false
78 silly fetch manifest svelte-check@^4.0.0
79 silly packumentCache full:https://registry.npmmirror.com/svelte-check cache-miss
80 http fetch GET 200 https://registry.npmmirror.com/svelte-check 114ms (cache miss)
81 silly packumentCache full:https://registry.npmmirror.com/svelte-check set size:103771 disposed:false
82 silly placeDep ROOT @sveltejs/adapter-auto@3.3.1 OK for: x-link-expander-homepage@0.0.1 want: ^3.0.0
83 silly placeDep ROOT @sveltejs/kit@2.49.4 OK for: @sveltejs/adapter-auto@3.3.1 want: ^2.0.0
84 silly placeDep ROOT @sveltejs/vite-plugin-svelte@4.0.4 OK for: @sveltejs/kit@2.49.4 want: ^3.0.0 || ^4.0.0-next.1 || ^5.0.0 || ^6.0.0-next.0
85 silly placeDep ROOT svelte@5.46.1 OK for: @sveltejs/vite-plugin-svelte@4.0.4 want: ^5.0.0-next.96 || ^5.0.0
86 silly placeDep ROOT vite@5.4.21 OK for: @sveltejs/vite-plugin-svelte@4.0.4 want: ^5.0.0
87 silly placeDep ROOT svelte-check@4.3.5 OK for: x-link-expander-homepage@0.0.1 want: ^4.0.0
88 silly placeDep ROOT typescript@5.9.3 OK for: svelte-check@4.3.5 want: >=5.0.0
89 silly fetch manifest import-meta-resolve@^4.1.0
90 silly packumentCache full:https://registry.npmmirror.com/import-meta-resolve cache-miss
91 silly fetch manifest @standard-schema/spec@^1.0.0
92 silly packumentCache full:https://registry.npmmirror.com/@standard-schema%2fspec cache-miss
93 silly fetch manifest @sveltejs/acorn-typescript@^1.0.5
94 silly packumentCache full:https://registry.npmmirror.com/@sveltejs%2facorn-typescript cache-miss
95 silly fetch manifest @types/cookie@^0.6.0
96 silly packumentCache full:https://registry.npmmirror.com/@types%2fcookie cache-miss
97 silly fetch manifest acorn@^8.14.1
98 silly packumentCache full:https://registry.npmmirror.com/acorn cache-miss
99 silly fetch manifest cookie@^0.6.0
100 silly packumentCache full:https://registry.npmmirror.com/cookie cache-miss
101 silly fetch manifest devalue@^5.3.2
102 silly packumentCache full:https://registry.npmmirror.com/devalue cache-miss
103 http fetch GET 200 https://registry.npmmirror.com/import-meta-resolve 101ms (cache miss)
104 silly packumentCache full:https://registry.npmmirror.com/import-meta-resolve set size:19229 disposed:false
105 silly fetch manifest esm-env@^1.2.2
106 silly packumentCache full:https://registry.npmmirror.com/esm-env cache-miss
107 http fetch GET 200 https://registry.npmmirror.com/cookie 165ms (cache miss)
108 silly packumentCache full:https://registry.npmmirror.com/cookie set size:17453 disposed:false
109 silly fetch manifest kleur@^4.1.5
110 silly packumentCache full:https://registry.npmmirror.com/kleur cache-miss
111 http fetch GET 200 https://registry.npmmirror.com/@standard-schema%2fspec 199ms (cache miss)
112 silly packumentCache full:https://registry.npmmirror.com/@standard-schema%2fspec set size:6517 disposed:false
113 silly fetch manifest magic-string@^0.30.5
114 silly packumentCache full:https://registry.npmmirror.com/magic-string cache-miss
115 http fetch GET 200 https://registry.npmmirror.com/@sveltejs%2facorn-typescript 200ms (cache miss)
116 silly packumentCache full:https://registry.npmmirror.com/@sveltejs%2facorn-typescript set size:5424 disposed:false
117 silly fetch manifest mrmime@^2.0.0
118 silly packumentCache full:https://registry.npmmirror.com/mrmime cache-miss
119 http fetch GET 200 https://registry.npmmirror.com/esm-env 98ms (cache miss)
120 silly packumentCache full:https://registry.npmmirror.com/esm-env set size:5813 disposed:false
121 silly fetch manifest sade@^1.8.1
122 silly packumentCache full:https://registry.npmmirror.com/sade cache-miss
123 http fetch GET 200 https://registry.npmmirror.com/@types%2fcookie 203ms (cache miss)
124 silly packumentCache full:https://registry.npmmirror.com/@types%2fcookie set size:9480 disposed:false
125 silly fetch manifest set-cookie-parser@^2.6.0
126 silly packumentCache full:https://registry.npmmirror.com/set-cookie-parser cache-miss
127 http fetch GET 200 https://registry.npmmirror.com/acorn 204ms (cache miss)
128 silly packumentCache full:https://registry.npmmirror.com/acorn set size:51704 disposed:false
129 silly fetch manifest sirv@^3.0.0
130 silly packumentCache full:https://registry.npmmirror.com/sirv cache-miss
131 http fetch GET 200 https://registry.npmmirror.com/devalue 228ms (cache miss)
132 silly packumentCache full:https://registry.npmmirror.com/devalue set size:25860 disposed:false
133 silly fetch manifest @sveltejs/vite-plugin-svelte-inspector@^3.0.0-next.0||^3.0.0
134 silly packumentCache full:https://registry.npmmirror.com/@sveltejs%2fvite-plugin-svelte-inspector cache-miss
135 http fetch GET 200 https://registry.npmmirror.com/kleur 63ms (cache miss)
136 silly packumentCache full:https://registry.npmmirror.com/kleur set size:10711 disposed:false
137 silly fetch manifest debug@^4.3.7
138 silly packumentCache full:https://registry.npmmirror.com/debug cache-miss
139 http fetch GET 200 https://registry.npmmirror.com/mrmime 84ms (cache miss)
140 silly packumentCache full:https://registry.npmmirror.com/mrmime set size:5723 disposed:false
141 silly fetch manifest deepmerge@^4.3.1
142 silly packumentCache full:https://registry.npmmirror.com/deepmerge cache-miss
143 http fetch GET 200 https://registry.npmmirror.com/sirv 79ms (cache miss)
144 silly packumentCache full:https://registry.npmmirror.com/sirv set size:20309 disposed:false
145 silly fetch manifest magic-string@^0.30.12
146 silly packumentCache full:https://registry.npmmirror.com/magic-string cache-miss
147 http fetch GET 200 https://registry.npmmirror.com/magic-string 103ms (cache miss)
148 silly packumentCache full:https://registry.npmmirror.com/magic-string set size:56351 disposed:false
149 silly fetch manifest vitefu@^1.0.3
150 silly packumentCache full:https://registry.npmmirror.com/vitefu cache-miss
151 http fetch GET 200 https://registry.npmmirror.com/debug 76ms (cache miss)
152 silly packumentCache full:https://registry.npmmirror.com/debug set size:32036 disposed:false
153 silly fetch manifest esbuild@^0.21.3
154 silly packumentCache full:https://registry.npmmirror.com/esbuild cache-miss
155 http fetch GET 200 https://registry.npmmirror.com/sade 111ms (cache miss)
156 silly packumentCache full:https://registry.npmmirror.com/sade set size:16507 disposed:false
157 silly fetch manifest postcss@^8.4.43
158 silly packumentCache full:https://registry.npmmirror.com/postcss cache-hit
159 silly fetch manifest rollup@^4.20.0
160 silly packumentCache full:https://registry.npmmirror.com/rollup cache-miss
161 http fetch GET 200 https://registry.npmmirror.com/@sveltejs%2fvite-plugin-svelte-inspector 87ms (cache miss)
162 silly packumentCache full:https://registry.npmmirror.com/@sveltejs%2fvite-plugin-svelte-inspector set size:11520 disposed:false
163 silly fetch manifest fsevents@~2.3.3
164 silly packumentCache full:https://registry.npmmirror.com/fsevents cache-miss
165 http fetch GET 200 https://registry.npmmirror.com/set-cookie-parser 118ms (cache miss)
166 silly packumentCache full:https://registry.npmmirror.com/set-cookie-parser set size:14081 disposed:false
167 silly fetch manifest @jridgewell/remapping@^2.3.4
168 silly packumentCache full:https://registry.npmmirror.com/@jridgewell%2fremapping cache-miss
169 http fetch GET 200 https://registry.npmmirror.com/magic-string 38ms (cache miss)
170 silly packumentCache full:https://registry.npmmirror.com/magic-string set size:56351 disposed:false
171 silly packumentCache full:https://registry.npmmirror.com/magic-string dispose
172 silly fetch manifest @jridgewell/sourcemap-codec@^1.5.0
173 silly packumentCache full:https://registry.npmmirror.com/@jridgewell%2fsourcemap-codec cache-miss
174 http fetch GET 200 https://registry.npmmirror.com/deepmerge 47ms (cache miss)
175 silly packumentCache full:https://registry.npmmirror.com/deepmerge set size:18068 disposed:false
176 silly fetch manifest @types/estree@^1.0.5
177 silly packumentCache full:https://registry.npmmirror.com/@types%2festree cache-miss
178 http fetch GET 200 https://registry.npmmirror.com/fsevents 44ms (cache miss)
179 silly packumentCache full:https://registry.npmmirror.com/fsevents set size:16344 disposed:false
180 silly fetch manifest acorn@^8.12.1
181 silly packumentCache full:https://registry.npmmirror.com/acorn cache-hit
182 silly fetch manifest aria-query@^5.3.1
183 silly packumentCache full:https://registry.npmmirror.com/aria-query cache-miss
184 http fetch GET 200 https://registry.npmmirror.com/@jridgewell%2fsourcemap-codec 38ms (cache miss)
185 silly packumentCache full:https://registry.npmmirror.com/@jridgewell%2fsourcemap-codec set size:14577 disposed:false
186 silly fetch manifest axobject-query@^4.1.0
187 silly packumentCache full:https://registry.npmmirror.com/axobject-query cache-miss
188 http fetch GET 200 https://registry.npmmirror.com/@jridgewell%2fremapping 45ms (cache miss)
189 silly packumentCache full:https://registry.npmmirror.com/@jridgewell%2fremapping set size:6023 disposed:false
190 silly fetch manifest clsx@^2.1.1
191 silly packumentCache full:https://registry.npmmirror.com/clsx cache-miss
192 http fetch GET 200 https://registry.npmmirror.com/@types%2festree 57ms (cache miss)
193 silly packumentCache full:https://registry.npmmirror.com/@types%2festree set size:16110 disposed:false
194 silly fetch manifest devalue@^5.5.0
195 silly packumentCache full:https://registry.npmmirror.com/devalue cache-hit
196 silly fetch manifest esm-env@^1.2.1
197 silly packumentCache full:https://registry.npmmirror.com/esm-env cache-hit
198 silly fetch manifest esrap@^2.2.1
199 silly packumentCache full:https://registry.npmmirror.com/esrap cache-miss
200 http fetch GET 200 https://registry.npmmirror.com/axobject-query 77ms (cache miss)
201 silly packumentCache full:https://registry.npmmirror.com/axobject-query set size:14167 disposed:false
202 silly fetch manifest is-reference@^3.0.3
203 silly packumentCache full:https://registry.npmmirror.com/is-reference cache-miss
204 http fetch GET 200 https://registry.npmmirror.com/clsx 75ms (cache miss)
205 silly packumentCache full:https://registry.npmmirror.com/clsx set size:9149 disposed:false
206 silly fetch manifest locate-character@^3.0.0
207 silly packumentCache full:https://registry.npmmirror.com/locate-character cache-miss
208 http fetch GET 200 https://registry.npmmirror.com/aria-query 85ms (cache miss)
209 silly packumentCache full:https://registry.npmmirror.com/aria-query set size:18373 disposed:false
210 silly fetch manifest magic-string@^0.30.11
211 silly packumentCache full:https://registry.npmmirror.com/magic-string cache-hit
212 silly fetch manifest zimmerframe@^1.1.2
213 silly packumentCache full:https://registry.npmmirror.com/zimmerframe cache-miss
214 http fetch GET 200 https://registry.npmmirror.com/esbuild 144ms (cache miss)
215 silly packumentCache full:https://registry.npmmirror.com/esbuild set size:208896 disposed:false
216 silly fetch manifest @jridgewell/trace-mapping@^0.3.25
217 silly packumentCache full:https://registry.npmmirror.com/@jridgewell%2ftrace-mapping cache-miss
218 http fetch GET 200 https://registry.npmmirror.com/is-reference 43ms (cache miss)
219 silly packumentCache full:https://registry.npmmirror.com/is-reference set size:6877 disposed:false
220 silly fetch manifest chokidar@^4.0.1
221 silly packumentCache full:https://registry.npmmirror.com/chokidar cache-miss
222 http fetch GET 200 https://registry.npmmirror.com/esrap 97ms (cache miss)
223 silly packumentCache full:https://registry.npmmirror.com/esrap set size:16809 disposed:false
224 silly fetch manifest fdir@^6.2.0
225 silly packumentCache full:https://registry.npmmirror.com/fdir cache-miss
226 http fetch GET 200 https://registry.npmmirror.com/@jridgewell%2ftrace-mapping 47ms (cache miss)
227 silly packumentCache full:https://registry.npmmirror.com/@jridgewell%2ftrace-mapping set size:40595 disposed:false
228 silly fetch manifest picocolors@^1.0.0
229 silly packumentCache full:https://registry.npmmirror.com/picocolors cache-miss
230 http fetch GET 200 https://registry.npmmirror.com/locate-character 80ms (cache miss)
231 silly packumentCache full:https://registry.npmmirror.com/locate-character set size:4099 disposed:false
232 silly fetch manifest sade@^1.7.4
233 silly packumentCache full:https://registry.npmmirror.com/sade cache-hit
234 http fetch GET 200 https://registry.npmmirror.com/fdir 45ms (cache miss)
235 silly packumentCache full:https://registry.npmmirror.com/fdir set size:21942 disposed:false
236 http fetch GET 200 https://registry.npmmirror.com/zimmerframe 90ms (cache miss)
237 silly packumentCache full:https://registry.npmmirror.com/zimmerframe set size:10766 disposed:false
238 http fetch GET 200 https://registry.npmmirror.com/picocolors 43ms (cache miss)
239 silly packumentCache full:https://registry.npmmirror.com/picocolors set size:4040 disposed:false
240 http fetch GET 200 https://registry.npmmirror.com/vitefu 259ms (cache miss)
241 silly packumentCache full:https://registry.npmmirror.com/vitefu set size:12915 disposed:false
242 http fetch GET 200 https://registry.npmmirror.com/chokidar 80ms (cache miss)
243 silly packumentCache full:https://registry.npmmirror.com/chokidar set size:40008 disposed:false
244 http fetch GET 200 https://registry.npmmirror.com/rollup 345ms (cache miss)
245 silly packumentCache full:https://registry.npmmirror.com/rollup set size:660964 disposed:false
246 silly placeDep ROOT import-meta-resolve@4.2.0 OK for: @sveltejs/adapter-auto@3.3.1 want: ^4.1.0
247 silly placeDep ROOT @standard-schema/spec@1.1.0 OK for: @sveltejs/kit@2.49.4 want: ^1.0.0
248 silly placeDep ROOT @sveltejs/acorn-typescript@1.0.8 OK for: @sveltejs/kit@2.49.4 want: ^1.0.5
249 silly placeDep ROOT acorn@8.15.0 OK for: @sveltejs/acorn-typescript@1.0.8 want: ^8.9.0
250 silly placeDep ROOT @types/cookie@0.6.0 OK for: @sveltejs/kit@2.49.4 want: ^0.6.0
251 silly placeDep ROOT cookie@0.6.0 OK for: @sveltejs/kit@2.49.4 want: ^0.6.0
252 silly placeDep ROOT devalue@5.6.1 OK for: @sveltejs/kit@2.49.4 want: ^5.3.2
253 silly placeDep ROOT esm-env@1.2.2 OK for: @sveltejs/kit@2.49.4 want: ^1.2.2
254 silly placeDep ROOT kleur@4.1.5 OK for: @sveltejs/kit@2.49.4 want: ^4.1.5
255 silly placeDep ROOT magic-string@0.30.21 OK for: @sveltejs/kit@2.49.4 want: ^0.30.5
256 silly placeDep ROOT mrmime@2.0.1 OK for: @sveltejs/kit@2.49.4 want: ^2.0.0
257 silly placeDep ROOT sade@1.8.1 OK for: @sveltejs/kit@2.49.4 want: ^1.8.1
258 silly placeDep ROOT set-cookie-parser@2.7.2 OK for: @sveltejs/kit@2.49.4 want: ^2.6.0
259 silly placeDep ROOT sirv@3.0.2 OK for: @sveltejs/kit@2.49.4 want: ^3.0.0
260 silly fetch manifest @jridgewell/sourcemap-codec@^1.5.5
261 silly packumentCache full:https://registry.npmmirror.com/@jridgewell%2fsourcemap-codec cache-hit
262 silly fetch manifest mri@^1.1.0
263 silly packumentCache full:https://registry.npmmirror.com/mri cache-miss
264 silly fetch manifest @polka/url@^1.0.0-next.24
265 silly packumentCache full:https://registry.npmmirror.com/@polka%2furl cache-miss
266 silly fetch manifest totalist@^3.0.0
267 silly packumentCache full:https://registry.npmmirror.com/totalist cache-miss
268 http fetch GET 200 https://registry.npmmirror.com/totalist 83ms (cache miss)
269 silly packumentCache full:https://registry.npmmirror.com/totalist set size:5814 disposed:false
270 http fetch GET 200 https://registry.npmmirror.com/mri 84ms (cache miss)
271 silly packumentCache full:https://registry.npmmirror.com/mri set size:5756 disposed:false
272 http fetch GET 200 https://registry.npmmirror.com/@polka%2furl 85ms (cache miss)
273 silly packumentCache full:https://registry.npmmirror.com/@polka%2furl set size:7793 disposed:false
274 silly fetch manifest @sveltejs/vite-plugin-svelte@^4.0.0-next.0||^4.0.0
275 silly packumentCache full:https://registry.npmmirror.com/@sveltejs%2fvite-plugin-svelte cache-hit
276 silly fetch manifest svelte@^5.0.0-next.96 || ^5.0.0
277 silly packumentCache full:https://registry.npmmirror.com/svelte cache-miss
278 http cache https://registry.npmmirror.com/svelte 6ms (cache hit)
279 silly packumentCache full:https://registry.npmmirror.com/svelte set size:4259793 disposed:false
280 silly placeDep ROOT @sveltejs/vite-plugin-svelte-inspector@3.0.1 OK for: @sveltejs/vite-plugin-svelte@4.0.4 want: ^3.0.0-next.0||^3.0.0
281 silly placeDep ROOT debug@4.4.3 OK for: @sveltejs/vite-plugin-svelte@4.0.4 want: ^4.3.7
282 silly placeDep ROOT deepmerge@4.3.1 OK for: @sveltejs/vite-plugin-svelte@4.0.4 want: ^4.3.1
283 silly placeDep ROOT vitefu@1.1.1 OK for: @sveltejs/vite-plugin-svelte@4.0.4 want: ^1.0.3
284 silly fetch manifest ms@^2.1.3
285 silly packumentCache full:https://registry.npmmirror.com/ms cache-miss
286 http fetch GET 200 https://registry.npmmirror.com/ms 88ms (cache miss)
287 silly packumentCache full:https://registry.npmmirror.com/ms set size:15985 disposed:false
288 silly placeDep ROOT ms@2.1.3 OK for: debug@4.4.3 want: ^2.1.3
289 silly placeDep ROOT @jridgewell/sourcemap-codec@1.5.5 OK for: magic-string@0.30.21 want: ^1.5.5
290 silly placeDep ROOT mri@1.2.0 OK for: sade@1.8.1 want: ^1.1.0
291 silly placeDep ROOT @polka/url@1.0.0-next.29 OK for: sirv@3.0.2 want: ^1.0.0-next.24
292 silly placeDep ROOT totalist@3.0.1 OK for: sirv@3.0.2 want: ^3.0.0
293 silly placeDep ROOT @jridgewell/remapping@2.3.5 OK for: svelte@5.46.1 want: ^2.3.4
294 silly placeDep ROOT @types/estree@1.0.8 OK for: svelte@5.46.1 want: ^1.0.5
295 silly placeDep ROOT aria-query@5.3.2 OK for: svelte@5.46.1 want: ^5.3.1
296 silly placeDep ROOT axobject-query@4.1.0 OK for: svelte@5.46.1 want: ^4.1.0
297 silly placeDep ROOT clsx@2.1.1 OK for: svelte@5.46.1 want: ^2.1.1
298 silly placeDep ROOT esrap@2.2.1 OK for: svelte@5.46.1 want: ^2.2.1
299 silly placeDep ROOT is-reference@3.0.3 OK for: svelte@5.46.1 want: ^3.0.3
300 silly placeDep ROOT locate-character@3.0.0 OK for: svelte@5.46.1 want: ^3.0.0
301 silly placeDep ROOT zimmerframe@1.1.4 OK for: svelte@5.46.1 want: ^1.1.2
302 silly fetch manifest @jridgewell/gen-mapping@^0.3.5
303 silly packumentCache full:https://registry.npmmirror.com/@jridgewell%2fgen-mapping cache-miss
304 silly fetch manifest @jridgewell/trace-mapping@^0.3.24
305 silly packumentCache full:https://registry.npmmirror.com/@jridgewell%2ftrace-mapping cache-hit
306 http fetch GET 200 https://registry.npmmirror.com/@jridgewell%2fgen-mapping 53ms (cache miss)
307 silly packumentCache full:https://registry.npmmirror.com/@jridgewell%2fgen-mapping set size:17889 disposed:false
308 silly placeDep ROOT @jridgewell/gen-mapping@0.3.13 OK for: @jridgewell/remapping@2.3.5 want: ^0.3.5
309 silly placeDep ROOT @jridgewell/trace-mapping@0.3.31 OK for: @jridgewell/remapping@2.3.5 want: ^0.3.24
310 silly fetch manifest @jridgewell/resolve-uri@^3.1.0
311 silly packumentCache full:https://registry.npmmirror.com/@jridgewell%2fresolve-uri cache-miss
312 http fetch GET 200 https://registry.npmmirror.com/@jridgewell%2fresolve-uri 28ms (cache miss)
313 silly packumentCache full:https://registry.npmmirror.com/@jridgewell%2fresolve-uri set size:14497 disposed:false
314 silly placeDep ROOT @jridgewell/resolve-uri@3.1.2 OK for: @jridgewell/trace-mapping@0.3.31 want: ^3.1.0
315 silly fetch manifest picomatch@^3 || ^4
316 silly packumentCache full:https://registry.npmmirror.com/picomatch cache-miss
317 http fetch GET 200 https://registry.npmmirror.com/picomatch 41ms (cache miss)
318 silly packumentCache full:https://registry.npmmirror.com/picomatch set size:22183 disposed:false
319 silly placeDep ROOT chokidar@4.0.3 OK for: svelte-check@4.3.5 want: ^4.0.1
320 silly placeDep ROOT fdir@6.5.0 OK for: svelte-check@4.3.5 want: ^6.2.0
321 silly placeDep ROOT picocolors@1.1.1 OK for: svelte-check@4.3.5 want: ^1.0.0
322 silly fetch manifest readdirp@^4.0.1
323 silly packumentCache full:https://registry.npmmirror.com/readdirp cache-miss
324 http fetch GET 200 https://registry.npmmirror.com/readdirp 41ms (cache miss)
325 silly packumentCache full:https://registry.npmmirror.com/readdirp set size:18552 disposed:false
326 silly placeDep ROOT readdirp@4.1.2 OK for: chokidar@4.0.3 want: ^4.0.1
327 silly placeDep ROOT esbuild@0.21.5 OK for: vite@5.4.21 want: ^0.21.3
328 silly placeDep ROOT fsevents@2.3.3 OK for: vite@5.4.21 want: ~2.3.3
329 silly placeDep ROOT postcss@8.5.6 OK for: vite@5.4.21 want: ^8.4.43
330 silly placeDep ROOT rollup@4.55.1 OK for: vite@5.4.21 want: ^4.20.0
331 silly fetch manifest @esbuild/aix-ppc64@0.21.5
332 silly packumentCache full:https://registry.npmmirror.com/@esbuild%2faix-ppc64 cache-miss
333 silly fetch manifest @esbuild/android-arm@0.21.5
334 silly packumentCache full:https://registry.npmmirror.com/@esbuild%2fandroid-arm cache-miss
335 silly fetch manifest @esbuild/android-arm64@0.21.5
336 silly packumentCache full:https://registry.npmmirror.com/@esbuild%2fandroid-arm64 cache-miss
337 silly fetch manifest @esbuild/android-x64@0.21.5
338 silly packumentCache full:https://registry.npmmirror.com/@esbuild%2fandroid-x64 cache-miss
339 silly fetch manifest @esbuild/darwin-arm64@0.21.5
340 silly packumentCache full:https://registry.npmmirror.com/@esbuild%2fdarwin-arm64 cache-miss
341 silly fetch manifest @esbuild/darwin-x64@0.21.5
342 silly packumentCache full:https://registry.npmmirror.com/@esbuild%2fdarwin-x64 cache-miss
343 silly fetch manifest @esbuild/freebsd-arm64@0.21.5
344 silly packumentCache full:https://registry.npmmirror.com/@esbuild%2ffreebsd-arm64 cache-miss
345 http fetch GET 200 https://registry.npmmirror.com/@esbuild%2fandroid-x64 51ms (cache miss)
346 silly packumentCache full:https://registry.npmmirror.com/@esbuild%2fandroid-x64 set size:57848 disposed:false
347 silly fetch manifest @esbuild/freebsd-x64@0.21.5
348 silly packumentCache full:https://registry.npmmirror.com/@esbuild%2ffreebsd-x64 cache-miss
349 http fetch GET 200 https://registry.npmmirror.com/@esbuild%2fandroid-arm64 61ms (cache miss)
350 silly packumentCache full:https://registry.npmmirror.com/@esbuild%2fandroid-arm64 set size:58409 disposed:false
351 silly fetch manifest @esbuild/linux-arm@0.21.5
352 silly packumentCache full:https://registry.npmmirror.com/@esbuild%2flinux-arm cache-miss
353 http fetch GET 200 https://registry.npmmirror.com/@esbuild%2faix-ppc64 65ms (cache miss)
354 silly packumentCache full:https://registry.npmmirror.com/@esbuild%2faix-ppc64 set size:13405 disposed:false
355 silly fetch manifest @esbuild/linux-arm64@0.21.5
356 silly packumentCache full:https://registry.npmmirror.com/@esbuild%2flinux-arm64 cache-miss
357 http fetch GET 200 https://registry.npmmirror.com/@esbuild%2ffreebsd-arm64 82ms (cache miss)
358 silly packumentCache full:https://registry.npmmirror.com/@esbuild%2ffreebsd-arm64 set size:57736 disposed:false
359 silly fetch manifest @esbuild/linux-ia32@0.21.5
360 silly packumentCache full:https://registry.npmmirror.com/@esbuild%2flinux-ia32 cache-miss
361 http fetch GET 200 https://registry.npmmirror.com/@esbuild%2fdarwin-x64 90ms (cache miss)
362 silly packumentCache full:https://registry.npmmirror.com/@esbuild%2fdarwin-x64 set size:57734 disposed:false
363 silly fetch manifest @esbuild/linux-loong64@0.21.5
364 silly packumentCache full:https://registry.npmmirror.com/@esbuild%2flinux-loong64 cache-miss
365 http fetch GET 200 https://registry.npmmirror.com/@esbuild%2fdarwin-arm64 92ms (cache miss)
366 silly packumentCache full:https://registry.npmmirror.com/@esbuild%2fdarwin-arm64 set size:58129 disposed:false
367 silly fetch manifest @esbuild/linux-mips64el@0.21.5
368 silly packumentCache full:https://registry.npmmirror.com/@esbuild%2flinux-mips64el cache-miss
369 http fetch GET 200 https://registry.npmmirror.com/@esbuild%2fandroid-arm 109ms (cache miss)
370 silly packumentCache full:https://registry.npmmirror.com/@esbuild%2fandroid-arm set size:68065 disposed:false
371 silly fetch manifest @esbuild/linux-ppc64@0.21.5
372 silly packumentCache full:https://registry.npmmirror.com/@esbuild%2flinux-ppc64 cache-miss
373 http fetch GET 200 https://registry.npmmirror.com/@esbuild%2ffreebsd-x64 70ms (cache miss)
374 silly packumentCache full:https://registry.npmmirror.com/@esbuild%2ffreebsd-x64 set size:57956 disposed:false
375 silly fetch manifest @esbuild/linux-riscv64@0.21.5
376 silly packumentCache full:https://registry.npmmirror.com/@esbuild%2flinux-riscv64 cache-miss
377 http fetch GET 200 https://registry.npmmirror.com/@esbuild%2flinux-arm 68ms (cache miss)
378 silly packumentCache full:https://registry.npmmirror.com/@esbuild%2flinux-arm set size:57458 disposed:false
379 silly fetch manifest @esbuild/linux-s390x@0.21.5
380 silly packumentCache full:https://registry.npmmirror.com/@esbuild%2flinux-s390x cache-miss
381 http fetch GET 200 https://registry.npmmirror.com/@esbuild%2flinux-ia32 72ms (cache miss)
382 silly packumentCache full:https://registry.npmmirror.com/@esbuild%2flinux-ia32 set size:58035 disposed:false
383 silly fetch manifest @esbuild/linux-x64@0.21.5
384 silly packumentCache full:https://registry.npmmirror.com/@esbuild%2flinux-x64 cache-miss
385 http fetch GET 200 https://registry.npmmirror.com/@esbuild%2flinux-mips64el 78ms (cache miss)
386 silly packumentCache full:https://registry.npmmirror.com/@esbuild%2flinux-mips64el set size:57929 disposed:false
387 silly fetch manifest @esbuild/netbsd-x64@0.21.5
388 silly packumentCache full:https://registry.npmmirror.com/@esbuild%2fnetbsd-x64 cache-miss
389 http fetch GET 200 https://registry.npmmirror.com/@esbuild%2flinux-loong64 82ms (cache miss)
390 silly packumentCache full:https://registry.npmmirror.com/@esbuild%2flinux-loong64 set size:77380 disposed:false
391 silly fetch manifest @esbuild/openbsd-x64@0.21.5
392 silly packumentCache full:https://registry.npmmirror.com/@esbuild%2fopenbsd-x64 cache-miss
393 http fetch GET 200 https://registry.npmmirror.com/@esbuild%2flinux-riscv64 70ms (cache miss)
394 silly packumentCache full:https://registry.npmmirror.com/@esbuild%2flinux-riscv64 set size:58019 disposed:false
395 silly fetch manifest @esbuild/sunos-x64@0.21.5
396 silly packumentCache full:https://registry.npmmirror.com/@esbuild%2fsunos-x64 cache-miss
397 http fetch GET 200 https://registry.npmmirror.com/@esbuild%2flinux-s390x 72ms (cache miss)
398 silly packumentCache full:https://registry.npmmirror.com/@esbuild%2flinux-s390x set size:57895 disposed:false
399 silly fetch manifest @esbuild/win32-arm64@0.21.5
400 silly packumentCache full:https://registry.npmmirror.com/@esbuild%2fwin32-arm64 cache-miss
401 http fetch GET 200 https://registry.npmmirror.com/@esbuild%2flinux-arm64 153ms (cache miss)
402 silly packumentCache full:https://registry.npmmirror.com/@esbuild%2flinux-arm64 set size:57805 disposed:false
403 silly fetch manifest @esbuild/win32-ia32@0.21.5
404 silly packumentCache full:https://registry.npmmirror.com/@esbuild%2fwin32-ia32 cache-miss
405 http fetch GET 200 https://registry.npmmirror.com/@esbuild%2fnetbsd-x64 65ms (cache miss)
406 silly packumentCache full:https://registry.npmmirror.com/@esbuild%2fnetbsd-x64 set size:57897 disposed:false
407 silly fetch manifest @esbuild/win32-x64@0.21.5
408 silly packumentCache full:https://registry.npmmirror.com/@esbuild%2fwin32-x64 cache-miss
409 http fetch GET 200 https://registry.npmmirror.com/@esbuild%2flinux-ppc64 129ms (cache miss)
410 silly packumentCache full:https://registry.npmmirror.com/@esbuild%2flinux-ppc64 set size:57840 disposed:false
411 silly fetch manifest nanoid@^3.3.11
412 silly packumentCache full:https://registry.npmmirror.com/nanoid cache-miss
413 http fetch GET 200 https://registry.npmmirror.com/@esbuild%2flinux-x64 85ms (cache miss)
414 silly packumentCache full:https://registry.npmmirror.com/@esbuild%2flinux-x64 set size:57785 disposed:false
415 silly fetch manifest source-map-js@^1.2.1
416 silly packumentCache full:https://registry.npmmirror.com/source-map-js cache-miss
417 http fetch GET 200 https://registry.npmmirror.com/@esbuild%2fsunos-x64 57ms (cache miss)
418 silly packumentCache full:https://registry.npmmirror.com/@esbuild%2fsunos-x64 set size:57900 disposed:false
419 silly fetch manifest @rollup/rollup-darwin-arm64@4.55.1
420 silly packumentCache full:https://registry.npmmirror.com/@rollup%2frollup-darwin-arm64 cache-miss
421 http fetch GET 200 https://registry.npmmirror.com/@esbuild%2fopenbsd-x64 94ms (cache miss)
422 silly packumentCache full:https://registry.npmmirror.com/@esbuild%2fopenbsd-x64 set size:57990 disposed:false
423 silly fetch manifest @rollup/rollup-android-arm64@4.55.1
424 silly packumentCache full:https://registry.npmmirror.com/@rollup%2frollup-android-arm64 cache-miss
425 http fetch GET 200 https://registry.npmmirror.com/source-map-js 52ms (cache miss)
426 silly packumentCache full:https://registry.npmmirror.com/source-map-js set size:14399 disposed:false
427 silly fetch manifest @rollup/rollup-win32-arm64-msvc@4.55.1
428 silly packumentCache full:https://registry.npmmirror.com/@rollup%2frollup-win32-arm64-msvc cache-miss
429 http fetch GET 200 https://registry.npmmirror.com/@esbuild%2fwin32-arm64 127ms (cache miss)
430 silly packumentCache full:https://registry.npmmirror.com/@esbuild%2fwin32-arm64 set size:57917 disposed:false
431 silly fetch manifest @rollup/rollup-freebsd-arm64@4.55.1
432 silly packumentCache full:https://registry.npmmirror.com/@rollup%2frollup-freebsd-arm64 cache-miss
433 http fetch GET 200 https://registry.npmmirror.com/@esbuild%2fwin32-x64 99ms (cache miss)
434 silly packumentCache full:https://registry.npmmirror.com/@esbuild%2fwin32-x64 set size:58170 disposed:false
435 silly fetch manifest @rollup/rollup-linux-arm64-gnu@4.55.1
436 silly packumentCache full:https://registry.npmmirror.com/@rollup%2frollup-linux-arm64-gnu cache-miss
437 http fetch GET 200 https://registry.npmmirror.com/@rollup%2frollup-darwin-arm64 101ms (cache miss)
438 silly packumentCache full:https://registry.npmmirror.com/@rollup%2frollup-darwin-arm64 set size:65152 disposed:false
439 silly fetch manifest @rollup/rollup-linux-arm64-musl@4.55.1
440 silly packumentCache full:https://registry.npmmirror.com/@rollup%2frollup-linux-arm64-musl cache-miss
441 http fetch GET 200 https://registry.npmmirror.com/@rollup%2frollup-android-arm64 104ms (cache miss)
442 silly packumentCache full:https://registry.npmmirror.com/@rollup%2frollup-android-arm64 set size:65455 disposed:false
443 silly fetch manifest @rollup/rollup-android-arm-eabi@4.55.1
444 silly packumentCache full:https://registry.npmmirror.com/@rollup%2frollup-android-arm-eabi cache-miss
445 http fetch GET 200 https://registry.npmmirror.com/@esbuild%2fwin32-ia32 174ms (cache miss)
446 silly packumentCache full:https://registry.npmmirror.com/@esbuild%2fwin32-ia32 set size:58397 disposed:false
447 silly fetch manifest @rollup/rollup-linux-arm-gnueabihf@4.55.1
448 silly packumentCache full:https://registry.npmmirror.com/@rollup%2frollup-linux-arm-gnueabihf cache-miss
449 http fetch GET 200 https://registry.npmmirror.com/nanoid 158ms (cache miss)
450 silly packumentCache full:https://registry.npmmirror.com/nanoid set size:45536 disposed:false
451 silly fetch manifest @rollup/rollup-linux-arm-musleabihf@4.55.1
452 silly packumentCache full:https://registry.npmmirror.com/@rollup%2frollup-linux-arm-musleabihf cache-miss
453 http fetch GET 200 https://registry.npmmirror.com/@rollup%2frollup-win32-arm64-msvc 108ms (cache miss)
454 silly packumentCache full:https://registry.npmmirror.com/@rollup%2frollup-win32-arm64-msvc set size:65726 disposed:false
455 silly fetch manifest @rollup/rollup-win32-ia32-msvc@4.55.1
456 silly packumentCache full:https://registry.npmmirror.com/@rollup%2frollup-win32-ia32-msvc cache-miss
457 http fetch GET 200 https://registry.npmmirror.com/@rollup%2frollup-freebsd-arm64 79ms (cache miss)
458 silly packumentCache full:https://registry.npmmirror.com/@rollup%2frollup-freebsd-arm64 set size:34074 disposed:false
459 silly fetch manifest @rollup/rollup-linux-loong64-gnu@4.55.1
460 silly packumentCache full:https://registry.npmmirror.com/@rollup%2frollup-linux-loong64-gnu cache-miss
461 http fetch GET 200 https://registry.npmmirror.com/@rollup%2frollup-linux-arm64-gnu 88ms (cache miss)
462 silly packumentCache full:https://registry.npmmirror.com/@rollup%2frollup-linux-arm64-gnu set size:65391 disposed:false
463 silly fetch manifest @rollup/rollup-linux-loong64-musl@4.55.1
464 silly packumentCache full:https://registry.npmmirror.com/@rollup%2frollup-linux-loong64-musl cache-miss
465 http fetch GET 200 https://registry.npmmirror.com/@rollup%2frollup-linux-loong64-gnu 45ms (cache miss)
466 silly packumentCache full:https://registry.npmmirror.com/@rollup%2frollup-linux-loong64-gnu set size:9122 disposed:false
467 silly fetch manifest @rollup/rollup-linux-riscv64-gnu@4.55.1
468 silly packumentCache full:https://registry.npmmirror.com/@rollup%2frollup-linux-riscv64-gnu cache-miss
469 http fetch GET 200 https://registry.npmmirror.com/@rollup%2frollup-linux-loong64-musl 41ms (cache miss)
470 silly packumentCache full:https://registry.npmmirror.com/@rollup%2frollup-linux-loong64-musl set size:2211 disposed:false
471 silly fetch manifest @rollup/rollup-linux-riscv64-musl@4.55.1
472 silly packumentCache full:https://registry.npmmirror.com/@rollup%2frollup-linux-riscv64-musl cache-miss
473 http fetch GET 200 https://registry.npmmirror.com/@rollup%2frollup-android-arm-eabi 105ms (cache miss)
474 silly packumentCache full:https://registry.npmmirror.com/@rollup%2frollup-android-arm-eabi set size:65381 disposed:false
475 silly fetch manifest @rollup/rollup-linux-ppc64-gnu@4.55.1
476 silly packumentCache full:https://registry.npmmirror.com/@rollup%2frollup-linux-ppc64-gnu cache-miss
477 http fetch GET 200 https://registry.npmmirror.com/@rollup%2frollup-linux-arm-musleabihf 96ms (cache miss)
478 silly packumentCache full:https://registry.npmmirror.com/@rollup%2frollup-linux-arm-musleabihf set size:44685 disposed:false
479 silly fetch manifest @rollup/rollup-linux-ppc64-musl@4.55.1
480 silly packumentCache full:https://registry.npmmirror.com/@rollup%2frollup-linux-ppc64-musl cache-miss
481 http fetch GET 200 https://registry.npmmirror.com/@rollup%2frollup-linux-arm64-musl 173ms (cache miss)
482 silly packumentCache full:https://registry.npmmirror.com/@rollup%2frollup-linux-arm64-musl set size:56529 disposed:false
483 silly fetch manifest @rollup/rollup-linux-s390x-gnu@4.55.1
484 silly packumentCache full:https://registry.npmmirror.com/@rollup%2frollup-linux-s390x-gnu cache-miss
485 http fetch GET 200 https://registry.npmmirror.com/@rollup%2frollup-linux-ppc64-gnu 85ms (cache miss)
486 silly packumentCache full:https://registry.npmmirror.com/@rollup%2frollup-linux-ppc64-gnu set size:13463 disposed:false
487 silly fetch manifest @rollup/rollup-darwin-x64@4.55.1
488 silly packumentCache full:https://registry.npmmirror.com/@rollup%2frollup-darwin-x64 cache-miss
489 http fetch GET 200 https://registry.npmmirror.com/@rollup%2frollup-linux-riscv64-musl 99ms (cache miss)
490 silly packumentCache full:https://registry.npmmirror.com/@rollup%2frollup-linux-riscv64-musl set size:18611 disposed:false
491 silly fetch manifest @rollup/rollup-win32-x64-gnu@4.55.1
492 silly packumentCache full:https://registry.npmmirror.com/@rollup%2frollup-win32-x64-gnu cache-miss
493 http fetch GET 200 https://registry.npmmirror.com/@rollup%2frollup-linux-riscv64-gnu 114ms (cache miss)
494 silly packumentCache full:https://registry.npmmirror.com/@rollup%2frollup-linux-riscv64-gnu set size:50632 disposed:false
495 silly fetch manifest @rollup/rollup-win32-x64-msvc@4.55.1
496 silly packumentCache full:https://registry.npmmirror.com/@rollup%2frollup-win32-x64-msvc cache-miss
497 http fetch GET 200 https://registry.npmmirror.com/@rollup%2frollup-linux-arm-gnueabihf 182ms (cache miss)
498 silly packumentCache full:https://registry.npmmirror.com/@rollup%2frollup-linux-arm-gnueabihf set size:65925 disposed:false
499 silly fetch manifest @rollup/rollup-freebsd-x64@4.55.1
500 silly packumentCache full:https://registry.npmmirror.com/@rollup%2frollup-freebsd-x64 cache-miss
501 http fetch GET 200 https://registry.npmmirror.com/@rollup%2frollup-linux-ppc64-musl 77ms (cache miss)
502 silly packumentCache full:https://registry.npmmirror.com/@rollup%2frollup-linux-ppc64-musl set size:2209 disposed:false
503 silly fetch manifest @rollup/rollup-linux-x64-gnu@4.55.1
504 silly packumentCache full:https://registry.npmmirror.com/@rollup%2frollup-linux-x64-gnu cache-miss
505 http fetch GET 200 https://registry.npmmirror.com/@rollup%2frollup-win32-ia32-msvc 179ms (cache miss)
506 silly packumentCache full:https://registry.npmmirror.com/@rollup%2frollup-win32-ia32-msvc set size:65795 disposed:false
507 silly fetch manifest @rollup/rollup-linux-x64-musl@4.55.1
508 silly packumentCache full:https://registry.npmmirror.com/@rollup%2frollup-linux-x64-musl cache-miss
509 http fetch GET 200 https://registry.npmmirror.com/@rollup%2frollup-win32-x64-gnu 36ms (cache miss)
510 silly packumentCache full:https://registry.npmmirror.com/@rollup%2frollup-win32-x64-gnu set size:7954 disposed:false
511 silly fetch manifest @rollup/rollup-openbsd-x64@4.55.1
512 silly packumentCache full:https://registry.npmmirror.com/@rollup%2frollup-openbsd-x64 cache-miss
513 http fetch GET 200 https://registry.npmmirror.com/@rollup%2frollup-linux-s390x-gnu 129ms (cache miss)
514 silly packumentCache full:https://registry.npmmirror.com/@rollup%2frollup-linux-s390x-gnu set size:45642 disposed:false
515 silly fetch manifest @rollup/rollup-openharmony-arm64@4.55.1
516 silly packumentCache full:https://registry.npmmirror.com/@rollup%2frollup-openharmony-arm64 cache-miss
517 http fetch GET 200 https://registry.npmmirror.com/@rollup%2frollup-linux-x64-gnu 90ms (cache miss)
518 silly packumentCache full:https://registry.npmmirror.com/@rollup%2frollup-linux-x64-gnu set size:64777 disposed:false
519 http fetch GET 200 https://registry.npmmirror.com/@rollup%2frollup-freebsd-x64 99ms (cache miss)
520 silly packumentCache full:https://registry.npmmirror.com/@rollup%2frollup-freebsd-x64 set size:34175 disposed:false
521 http fetch GET 200 https://registry.npmmirror.com/@rollup%2frollup-openbsd-x64 73ms (cache miss)
522 silly packumentCache full:https://registry.npmmirror.com/@rollup%2frollup-openbsd-x64 set size:2228 disposed:false
523 http fetch GET 200 https://registry.npmmirror.com/@rollup%2frollup-win32-x64-msvc 111ms (cache miss)
524 silly packumentCache full:https://registry.npmmirror.com/@rollup%2frollup-win32-x64-msvc set size:64939 disposed:false
525 http fetch GET 200 https://registry.npmmirror.com/@rollup%2frollup-darwin-x64 121ms (cache miss)
526 silly packumentCache full:https://registry.npmmirror.com/@rollup%2frollup-darwin-x64 set size:64701 disposed:false
527 http fetch GET 200 https://registry.npmmirror.com/@rollup%2frollup-linux-x64-musl 109ms (cache miss)
528 silly packumentCache full:https://registry.npmmirror.com/@rollup%2frollup-linux-x64-musl set size:64928 disposed:false
529 http fetch GET 200 https://registry.npmmirror.com/@rollup%2frollup-openharmony-arm64 40ms (cache miss)
530 silly packumentCache full:https://registry.npmmirror.com/@rollup%2frollup-openharmony-arm64 set size:9440 disposed:false
531 silly placeDep ROOT @esbuild/aix-ppc64@0.21.5 OK for: esbuild@0.21.5 want: 0.21.5
532 silly placeDep ROOT @esbuild/android-arm@0.21.5 OK for: esbuild@0.21.5 want: 0.21.5
533 silly placeDep ROOT @esbuild/android-arm64@0.21.5 OK for: esbuild@0.21.5 want: 0.21.5
534 silly placeDep ROOT @esbuild/android-x64@0.21.5 OK for: esbuild@0.21.5 want: 0.21.5
535 silly placeDep ROOT @esbuild/darwin-arm64@0.21.5 OK for: esbuild@0.21.5 want: 0.21.5
536 silly placeDep ROOT @esbuild/darwin-x64@0.21.5 OK for: esbuild@0.21.5 want: 0.21.5
537 silly placeDep ROOT @esbuild/freebsd-arm64@0.21.5 OK for: esbuild@0.21.5 want: 0.21.5
538 silly placeDep ROOT @esbuild/freebsd-x64@0.21.5 OK for: esbuild@0.21.5 want: 0.21.5
539 silly placeDep ROOT @esbuild/linux-arm@0.21.5 OK for: esbuild@0.21.5 want: 0.21.5
540 silly placeDep ROOT @esbuild/linux-arm64@0.21.5 OK for: esbuild@0.21.5 want: 0.21.5
541 silly placeDep ROOT @esbuild/linux-ia32@0.21.5 OK for: esbuild@0.21.5 want: 0.21.5
542 silly placeDep ROOT @esbuild/linux-loong64@0.21.5 OK for: esbuild@0.21.5 want: 0.21.5
543 silly placeDep ROOT @esbuild/linux-mips64el@0.21.5 OK for: esbuild@0.21.5 want: 0.21.5
544 silly placeDep ROOT @esbuild/linux-ppc64@0.21.5 OK for: esbuild@0.21.5 want: 0.21.5
545 silly placeDep ROOT @esbuild/linux-riscv64@0.21.5 OK for: esbuild@0.21.5 want: 0.21.5
546 silly placeDep ROOT @esbuild/linux-s390x@0.21.5 OK for: esbuild@0.21.5 want: 0.21.5
547 silly placeDep ROOT @esbuild/linux-x64@0.21.5 OK for: esbuild@0.21.5 want: 0.21.5
548 silly placeDep ROOT @esbuild/netbsd-x64@0.21.5 OK for: esbuild@0.21.5 want: 0.21.5
549 silly placeDep ROOT @esbuild/openbsd-x64@0.21.5 OK for: esbuild@0.21.5 want: 0.21.5
550 silly placeDep ROOT @esbuild/sunos-x64@0.21.5 OK for: esbuild@0.21.5 want: 0.21.5
551 silly placeDep ROOT @esbuild/win32-arm64@0.21.5 OK for: esbuild@0.21.5 want: 0.21.5
552 silly placeDep ROOT @esbuild/win32-ia32@0.21.5 OK for: esbuild@0.21.5 want: 0.21.5
553 silly placeDep ROOT @esbuild/win32-x64@0.21.5 OK for: esbuild@0.21.5 want: 0.21.5
554 silly placeDep ROOT nanoid@3.3.11 OK for: postcss@8.5.6 want: ^3.3.11
555 silly placeDep ROOT source-map-js@1.2.1 OK for: postcss@8.5.6 want: ^1.2.1
556 silly placeDep ROOT @rollup/rollup-android-arm-eabi@4.55.1 OK for: rollup@4.55.1 want: 4.55.1
557 silly placeDep ROOT @rollup/rollup-android-arm64@4.55.1 OK for: rollup@4.55.1 want: 4.55.1
558 silly placeDep ROOT @rollup/rollup-darwin-arm64@4.55.1 OK for: rollup@4.55.1 want: 4.55.1
559 silly placeDep ROOT @rollup/rollup-darwin-x64@4.55.1 OK for: rollup@4.55.1 want: 4.55.1
560 silly placeDep ROOT @rollup/rollup-freebsd-arm64@4.55.1 OK for: rollup@4.55.1 want: 4.55.1
561 silly placeDep ROOT @rollup/rollup-freebsd-x64@4.55.1 OK for: rollup@4.55.1 want: 4.55.1
562 silly placeDep ROOT @rollup/rollup-linux-arm-gnueabihf@4.55.1 OK for: rollup@4.55.1 want: 4.55.1
563 silly placeDep ROOT @rollup/rollup-linux-arm-musleabihf@4.55.1 OK for: rollup@4.55.1 want: 4.55.1
564 silly placeDep ROOT @rollup/rollup-linux-arm64-gnu@4.55.1 OK for: rollup@4.55.1 want: 4.55.1
565 silly placeDep ROOT @rollup/rollup-linux-arm64-musl@4.55.1 OK for: rollup@4.55.1 want: 4.55.1
566 silly placeDep ROOT @rollup/rollup-linux-loong64-gnu@4.55.1 OK for: rollup@4.55.1 want: 4.55.1
567 silly placeDep ROOT @rollup/rollup-linux-loong64-musl@4.55.1 OK for: rollup@4.55.1 want: 4.55.1
568 silly placeDep ROOT @rollup/rollup-linux-ppc64-gnu@4.55.1 OK for: rollup@4.55.1 want: 4.55.1
569 silly placeDep ROOT @rollup/rollup-linux-ppc64-musl@4.55.1 OK for: rollup@4.55.1 want: 4.55.1
570 silly placeDep ROOT @rollup/rollup-linux-riscv64-gnu@4.55.1 OK for: rollup@4.55.1 want: 4.55.1
571 silly placeDep ROOT @rollup/rollup-linux-riscv64-musl@4.55.1 OK for: rollup@4.55.1 want: 4.55.1
572 silly placeDep ROOT @rollup/rollup-linux-s390x-gnu@4.55.1 OK for: rollup@4.55.1 want: 4.55.1
573 silly placeDep ROOT @rollup/rollup-linux-x64-gnu@4.55.1 OK for: rollup@4.55.1 want: 4.55.1
574 silly placeDep ROOT @rollup/rollup-linux-x64-musl@4.55.1 OK for: rollup@4.55.1 want: 4.55.1
575 silly placeDep ROOT @rollup/rollup-openbsd-x64@4.55.1 OK for: rollup@4.55.1 want: 4.55.1
576 silly placeDep ROOT @rollup/rollup-openharmony-arm64@4.55.1 OK for: rollup@4.55.1 want: 4.55.1
577 silly placeDep ROOT @rollup/rollup-win32-arm64-msvc@4.55.1 OK for: rollup@4.55.1 want: 4.55.1
578 silly placeDep ROOT @rollup/rollup-win32-ia32-msvc@4.55.1 OK for: rollup@4.55.1 want: 4.55.1
579 silly placeDep ROOT @rollup/rollup-win32-x64-gnu@4.55.1 OK for: rollup@4.55.1 want: 4.55.1
580 silly placeDep ROOT @rollup/rollup-win32-x64-msvc@4.55.1 OK for: rollup@4.55.1 want: 4.55.1
581 silly reify moves {}
582 silly audit bulk request {
582 silly audit   '@sveltejs/adapter-auto': [ '3.3.1' ],
582 silly audit   '@sveltejs/kit': [ '2.49.4' ],
582 silly audit   '@sveltejs/vite-plugin-svelte': [ '4.0.4' ],
582 silly audit   svelte: [ '5.46.1' ],
582 silly audit   vite: [ '5.4.21' ],
582 silly audit   'svelte-check': [ '4.3.5' ],
582 silly audit   typescript: [ '5.9.3' ],
582 silly audit   'import-meta-resolve': [ '4.2.0' ],
582 silly audit   '@standard-schema/spec': [ '1.1.0' ],
582 silly audit   '@sveltejs/acorn-typescript': [ '1.0.8' ],
582 silly audit   acorn: [ '8.15.0' ],
582 silly audit   '@types/cookie': [ '0.6.0' ],
582 silly audit   cookie: [ '0.6.0' ],
582 silly audit   devalue: [ '5.6.1' ],
582 silly audit   'esm-env': [ '1.2.2' ],
582 silly audit   kleur: [ '4.1.5' ],
582 silly audit   'magic-string': [ '0.30.21' ],
582 silly audit   mrmime: [ '2.0.1' ],
582 silly audit   sade: [ '1.8.1' ],
582 silly audit   'set-cookie-parser': [ '2.7.2' ],
582 silly audit   sirv: [ '3.0.2' ],
582 silly audit   '@sveltejs/vite-plugin-svelte-inspector': [ '3.0.1' ],
582 silly audit   debug: [ '4.4.3' ],
582 silly audit   deepmerge: [ '4.3.1' ],
582 silly audit   vitefu: [ '1.1.1' ],
582 silly audit   ms: [ '2.1.3' ],
582 silly audit   '@jridgewell/sourcemap-codec': [ '1.5.5' ],
582 silly audit   mri: [ '1.2.0' ],
582 silly audit   '@polka/url': [ '1.0.0-next.29' ],
582 silly audit   totalist: [ '3.0.1' ],
582 silly audit   '@jridgewell/remapping': [ '2.3.5' ],
582 silly audit   '@types/estree': [ '1.0.8' ],
582 silly audit   'aria-query': [ '5.3.2' ],
582 silly audit   'axobject-query': [ '4.1.0' ],
582 silly audit   clsx: [ '2.1.1' ],
582 silly audit   esrap: [ '2.2.1' ],
582 silly audit   'is-reference': [ '3.0.3' ],
582 silly audit   'locate-character': [ '3.0.0' ],
582 silly audit   zimmerframe: [ '1.1.4' ],
582 silly audit   '@jridgewell/gen-mapping': [ '0.3.13' ],
582 silly audit   '@jridgewell/trace-mapping': [ '0.3.31' ],
582 silly audit   '@jridgewell/resolve-uri': [ '3.1.2' ],
582 silly audit   chokidar: [ '4.0.3' ],
582 silly audit   fdir: [ '6.5.0' ],
582 silly audit   picocolors: [ '1.1.1' ],
582 silly audit   readdirp: [ '4.1.2' ],
582 silly audit   esbuild: [ '0.21.5' ],
582 silly audit   fsevents: [ '2.3.3' ],
582 silly audit   postcss: [ '8.5.6' ],
582 silly audit   rollup: [ '4.55.1' ],
582 silly audit   '@esbuild/aix-ppc64': [ '0.21.5' ],
582 silly audit   '@esbuild/android-arm': [ '0.21.5' ],
582 silly audit   '@esbuild/android-arm64': [ '0.21.5' ],
582 silly audit   '@esbuild/android-x64': [ '0.21.5' ],
582 silly audit   '@esbuild/darwin-arm64': [ '0.21.5' ],
582 silly audit   '@esbuild/darwin-x64': [ '0.21.5' ],
582 silly audit   '@esbuild/freebsd-arm64': [ '0.21.5' ],
582 silly audit   '@esbuild/freebsd-x64': [ '0.21.5' ],
582 silly audit   '@esbuild/linux-arm': [ '0.21.5' ],
582 silly audit   '@esbuild/linux-arm64': [ '0.21.5' ],
582 silly audit   '@esbuild/linux-ia32': [ '0.21.5' ],
582 silly audit   '@esbuild/linux-loong64': [ '0.21.5' ],
582 silly audit   '@esbuild/linux-mips64el': [ '0.21.5' ],
582 silly audit   '@esbuild/linux-ppc64': [ '0.21.5' ],
582 silly audit   '@esbuild/linux-riscv64': [ '0.21.5' ],
582 silly audit   '@esbuild/linux-s390x': [ '0.21.5' ],
582 silly audit   '@esbuild/linux-x64': [ '0.21.5' ],
582 silly audit   '@esbuild/netbsd-x64': [ '0.21.5' ],
582 silly audit   '@esbuild/openbsd-x64': [ '0.21.5' ],
582 silly audit   '@esbuild/sunos-x64': [ '0.21.5' ],
582 silly audit   '@esbuild/win32-arm64': [ '0.21.5' ],
582 silly audit   '@esbuild/win32-ia32': [ '0.21.5' ],
582 silly audit   '@esbuild/win32-x64': [ '0.21.5' ],
582 silly audit   nanoid: [ '3.3.11' ],
582 silly audit   'source-map-js': [ '1.2.1' ],
582 silly audit   '@rollup/rollup-android-arm-eabi': [ '4.55.1' ],
582 silly audit   '@rollup/rollup-android-arm64': [ '4.55.1' ],
582 silly audit   '@rollup/rollup-darwin-arm64': [ '4.55.1' ],
582 silly audit   '@rollup/rollup-darwin-x64': [ '4.55.1' ],
582 silly audit   '@rollup/rollup-freebsd-arm64': [ '4.55.1' ],
582 silly audit   '@rollup/rollup-freebsd-x64': [ '4.55.1' ],
582 silly audit   '@rollup/rollup-linux-arm-gnueabihf': [ '4.55.1' ],
582 silly audit   '@rollup/rollup-linux-arm-musleabihf': [ '4.55.1' ],
582 silly audit   '@rollup/rollup-linux-arm64-gnu': [ '4.55.1' ],
582 silly audit   '@rollup/rollup-linux-arm64-musl': [ '4.55.1' ],
582 silly audit   '@rollup/rollup-linux-loong64-gnu': [ '4.55.1' ],
582 silly audit   '@rollup/rollup-linux-loong64-musl': [ '4.55.1' ],
582 silly audit   '@rollup/rollup-linux-ppc64-gnu': [ '4.55.1' ],
582 silly audit   '@rollup/rollup-linux-ppc64-musl': [ '4.55.1' ],
582 silly audit   '@rollup/rollup-linux-riscv64-gnu': [ '4.55.1' ],
582 silly audit   '@rollup/rollup-linux-riscv64-musl': [ '4.55.1' ],
582 silly audit   '@rollup/rollup-linux-s390x-gnu': [ '4.55.1' ],
582 silly audit   '@rollup/rollup-linux-x64-gnu': [ '4.55.1' ],
582 silly audit   '@rollup/rollup-linux-x64-musl': [ '4.55.1' ],
582 silly audit   '@rollup/rollup-openbsd-x64': [ '4.55.1' ],
582 silly audit   '@rollup/rollup-openharmony-arm64': [ '4.55.1' ],
582 silly audit   '@rollup/rollup-win32-arm64-msvc': [ '4.55.1' ],
582 silly audit   '@rollup/rollup-win32-ia32-msvc': [ '4.55.1' ],
582 silly audit   '@rollup/rollup-win32-x64-gnu': [ '4.55.1' ],
582 silly audit   '@rollup/rollup-win32-x64-msvc': [ '4.55.1' ]
582 silly audit }
583 verbose reify failed optional dependency /Users/shibingzhang/git/imbinnng/x-link-expander-homepage/node_modules/@rollup/rollup-win32-x64-msvc
584 silly reify mark deleted [
584 silly reify   '/Users/shibingzhang/git/imbinnng/x-link-expander-homepage/node_modules/@rollup/rollup-win32-x64-msvc'
584 silly reify ]
585 verbose reify failed optional dependency /Users/shibingzhang/git/imbinnng/x-link-expander-homepage/node_modules/@rollup/rollup-win32-x64-gnu
586 silly reify mark deleted [
586 silly reify   '/Users/shibingzhang/git/imbinnng/x-link-expander-homepage/node_modules/@rollup/rollup-win32-x64-gnu'
586 silly reify ]
587 verbose reify failed optional dependency /Users/shibingzhang/git/imbinnng/x-link-expander-homepage/node_modules/@rollup/rollup-win32-ia32-msvc
588 silly reify mark deleted [
588 silly reify   '/Users/shibingzhang/git/imbinnng/x-link-expander-homepage/node_modules/@rollup/rollup-win32-ia32-msvc'
588 silly reify ]
589 verbose reify failed optional dependency /Users/shibingzhang/git/imbinnng/x-link-expander-homepage/node_modules/@rollup/rollup-win32-arm64-msvc
590 silly reify mark deleted [
590 silly reify   '/Users/shibingzhang/git/imbinnng/x-link-expander-homepage/node_modules/@rollup/rollup-win32-arm64-msvc'
590 silly reify ]
591 verbose reify failed optional dependency /Users/shibingzhang/git/imbinnng/x-link-expander-homepage/node_modules/@rollup/rollup-openharmony-arm64
592 silly reify mark deleted [
592 silly reify   '/Users/shibingzhang/git/imbinnng/x-link-expander-homepage/node_modules/@rollup/rollup-openharmony-arm64'
592 silly reify ]
593 verbose reify failed optional dependency /Users/shibingzhang/git/imbinnng/x-link-expander-homepage/node_modules/@rollup/rollup-openbsd-x64
594 silly reify mark deleted [
594 silly reify   '/Users/shibingzhang/git/imbinnng/x-link-expander-homepage/node_modules/@rollup/rollup-openbsd-x64'
594 silly reify ]
595 verbose reify failed optional dependency /Users/shibingzhang/git/imbinnng/x-link-expander-homepage/node_modules/@rollup/rollup-linux-x64-musl
596 silly reify mark deleted [
596 silly reify   '/Users/shibingzhang/git/imbinnng/x-link-expander-homepage/node_modules/@rollup/rollup-linux-x64-musl'
596 silly reify ]
597 verbose reify failed optional dependency /Users/shibingzhang/git/imbinnng/x-link-expander-homepage/node_modules/@rollup/rollup-linux-x64-gnu
598 silly reify mark deleted [
598 silly reify   '/Users/shibingzhang/git/imbinnng/x-link-expander-homepage/node_modules/@rollup/rollup-linux-x64-gnu'
598 silly reify ]
599 verbose reify failed optional dependency /Users/shibingzhang/git/imbinnng/x-link-expander-homepage/node_modules/@rollup/rollup-linux-s390x-gnu
600 silly reify mark deleted [
600 silly reify   '/Users/shibingzhang/git/imbinnng/x-link-expander-homepage/node_modules/@rollup/rollup-linux-s390x-gnu'
600 silly reify ]
601 verbose reify failed optional dependency /Users/shibingzhang/git/imbinnng/x-link-expander-homepage/node_modules/@rollup/rollup-linux-riscv64-musl
602 silly reify mark deleted [
602 silly reify   '/Users/shibingzhang/git/imbinnng/x-link-expander-homepage/node_modules/@rollup/rollup-linux-riscv64-musl'
602 silly reify ]
603 verbose reify failed optional dependency /Users/shibingzhang/git/imbinnng/x-link-expander-homepage/node_modules/@rollup/rollup-linux-riscv64-gnu
604 silly reify mark deleted [
604 silly reify   '/Users/shibingzhang/git/imbinnng/x-link-expander-homepage/node_modules/@rollup/rollup-linux-riscv64-gnu'
604 silly reify ]
605 verbose reify failed optional dependency /Users/shibingzhang/git/imbinnng/x-link-expander-homepage/node_modules/@rollup/rollup-linux-ppc64-musl
606 silly reify mark deleted [
606 silly reify   '/Users/shibingzhang/git/imbinnng/x-link-expander-homepage/node_modules/@rollup/rollup-linux-ppc64-musl'
606 silly reify ]
607 verbose reify failed optional dependency /Users/shibingzhang/git/imbinnng/x-link-expander-homepage/node_modules/@rollup/rollup-linux-ppc64-gnu
608 silly reify mark deleted [
608 silly reify   '/Users/shibingzhang/git/imbinnng/x-link-expander-homepage/node_modules/@rollup/rollup-linux-ppc64-gnu'
608 silly reify ]
609 verbose reify failed optional dependency /Users/shibingzhang/git/imbinnng/x-link-expander-homepage/node_modules/@rollup/rollup-linux-loong64-musl
610 silly reify mark deleted [
610 silly reify   '/Users/shibingzhang/git/imbinnng/x-link-expander-homepage/node_modules/@rollup/rollup-linux-loong64-musl'
610 silly reify ]
611 verbose reify failed optional dependency /Users/shibingzhang/git/imbinnng/x-link-expander-homepage/node_modules/@rollup/rollup-linux-loong64-gnu
612 silly reify mark deleted [
612 silly reify   '/Users/shibingzhang/git/imbinnng/x-link-expander-homepage/node_modules/@rollup/rollup-linux-loong64-gnu'
612 silly reify ]
613 verbose reify failed optional dependency /Users/shibingzhang/git/imbinnng/x-link-expander-homepage/node_modules/@rollup/rollup-linux-arm64-musl
614 silly reify mark deleted [
614 silly reify   '/Users/shibingzhang/git/imbinnng/x-link-expander-homepage/node_modules/@rollup/rollup-linux-arm64-musl'
614 silly reify ]
615 verbose reify failed optional dependency /Users/shibingzhang/git/imbinnng/x-link-expander-homepage/node_modules/@rollup/rollup-linux-arm64-gnu
616 silly reify mark deleted [
616 silly reify   '/Users/shibingzhang/git/imbinnng/x-link-expander-homepage/node_modules/@rollup/rollup-linux-arm64-gnu'
616 silly reify ]
617 verbose reify failed optional dependency /Users/shibingzhang/git/imbinnng/x-link-expander-homepage/node_modules/@rollup/rollup-linux-arm-musleabihf
618 silly reify mark deleted [
618 silly reify   '/Users/shibingzhang/git/imbinnng/x-link-expander-homepage/node_modules/@rollup/rollup-linux-arm-musleabihf'
618 silly reify ]
619 verbose reify failed optional dependency /Users/shibingzhang/git/imbinnng/x-link-expander-homepage/node_modules/@rollup/rollup-linux-arm-gnueabihf
620 silly reify mark deleted [
620 silly reify   '/Users/shibingzhang/git/imbinnng/x-link-expander-homepage/node_modules/@rollup/rollup-linux-arm-gnueabihf'
620 silly reify ]
621 verbose reify failed optional dependency /Users/shibingzhang/git/imbinnng/x-link-expander-homepage/node_modules/@rollup/rollup-freebsd-x64
622 silly reify mark deleted [
622 silly reify   '/Users/shibingzhang/git/imbinnng/x-link-expander-homepage/node_modules/@rollup/rollup-freebsd-x64'
622 silly reify ]
623 verbose reify failed optional dependency /Users/shibingzhang/git/imbinnng/x-link-expander-homepage/node_modules/@rollup/rollup-freebsd-arm64
624 silly reify mark deleted [
624 silly reify   '/Users/shibingzhang/git/imbinnng/x-link-expander-homepage/node_modules/@rollup/rollup-freebsd-arm64'
624 silly reify ]
625 verbose reify failed optional dependency /Users/shibingzhang/git/imbinnng/x-link-expander-homepage/node_modules/@rollup/rollup-darwin-x64
626 silly reify mark deleted [
626 silly reify   '/Users/shibingzhang/git/imbinnng/x-link-expander-homepage/node_modules/@rollup/rollup-darwin-x64'
626 silly reify ]
627 verbose reify failed optional dependency /Users/shibingzhang/git/imbinnng/x-link-expander-homepage/node_modules/@rollup/rollup-android-arm64
628 silly reify mark deleted [
628 silly reify   '/Users/shibingzhang/git/imbinnng/x-link-expander-homepage/node_modules/@rollup/rollup-android-arm64'
628 silly reify ]
629 verbose reify failed optional dependency /Users/shibingzhang/git/imbinnng/x-link-expander-homepage/node_modules/@rollup/rollup-android-arm-eabi
630 silly reify mark deleted [
630 silly reify   '/Users/shibingzhang/git/imbinnng/x-link-expander-homepage/node_modules/@rollup/rollup-android-arm-eabi'
630 silly reify ]
631 verbose reify failed optional dependency /Users/shibingzhang/git/imbinnng/x-link-expander-homepage/node_modules/@esbuild/win32-x64
632 silly reify mark deleted [
632 silly reify   '/Users/shibingzhang/git/imbinnng/x-link-expander-homepage/node_modules/@esbuild/win32-x64'
632 silly reify ]
633 verbose reify failed optional dependency /Users/shibingzhang/git/imbinnng/x-link-expander-homepage/node_modules/@esbuild/win32-ia32
634 silly reify mark deleted [
634 silly reify   '/Users/shibingzhang/git/imbinnng/x-link-expander-homepage/node_modules/@esbuild/win32-ia32'
634 silly reify ]
635 verbose reify failed optional dependency /Users/shibingzhang/git/imbinnng/x-link-expander-homepage/node_modules/@esbuild/win32-arm64
636 silly reify mark deleted [
636 silly reify   '/Users/shibingzhang/git/imbinnng/x-link-expander-homepage/node_modules/@esbuild/win32-arm64'
636 silly reify ]
637 verbose reify failed optional dependency /Users/shibingzhang/git/imbinnng/x-link-expander-homepage/node_modules/@esbuild/sunos-x64
638 silly reify mark deleted [
638 silly reify   '/Users/shibingzhang/git/imbinnng/x-link-expander-homepage/node_modules/@esbuild/sunos-x64'
638 silly reify ]
639 verbose reify failed optional dependency /Users/shibingzhang/git/imbinnng/x-link-expander-homepage/node_modules/@esbuild/openbsd-x64
640 silly reify mark deleted [
640 silly reify   '/Users/shibingzhang/git/imbinnng/x-link-expander-homepage/node_modules/@esbuild/openbsd-x64'
640 silly reify ]
641 verbose reify failed optional dependency /Users/shibingzhang/git/imbinnng/x-link-expander-homepage/node_modules/@esbuild/netbsd-x64
642 silly reify mark deleted [
642 silly reify   '/Users/shibingzhang/git/imbinnng/x-link-expander-homepage/node_modules/@esbuild/netbsd-x64'
642 silly reify ]
643 verbose reify failed optional dependency /Users/shibingzhang/git/imbinnng/x-link-expander-homepage/node_modules/@esbuild/linux-x64
644 silly reify mark deleted [
644 silly reify   '/Users/shibingzhang/git/imbinnng/x-link-expander-homepage/node_modules/@esbuild/linux-x64'
644 silly reify ]
645 verbose reify failed optional dependency /Users/shibingzhang/git/imbinnng/x-link-expander-homepage/node_modules/@esbuild/linux-s390x
646 silly reify mark deleted [
646 silly reify   '/Users/shibingzhang/git/imbinnng/x-link-expander-homepage/node_modules/@esbuild/linux-s390x'
646 silly reify ]
647 verbose reify failed optional dependency /Users/shibingzhang/git/imbinnng/x-link-expander-homepage/node_modules/@esbuild/linux-riscv64
648 silly reify mark deleted [
648 silly reify   '/Users/shibingzhang/git/imbinnng/x-link-expander-homepage/node_modules/@esbuild/linux-riscv64'
648 silly reify ]
649 verbose reify failed optional dependency /Users/shibingzhang/git/imbinnng/x-link-expander-homepage/node_modules/@esbuild/linux-ppc64
650 silly reify mark deleted [
650 silly reify   '/Users/shibingzhang/git/imbinnng/x-link-expander-homepage/node_modules/@esbuild/linux-ppc64'
650 silly reify ]
651 verbose reify failed optional dependency /Users/shibingzhang/git/imbinnng/x-link-expander-homepage/node_modules/@esbuild/linux-mips64el
652 silly reify mark deleted [
652 silly reify   '/Users/shibingzhang/git/imbinnng/x-link-expander-homepage/node_modules/@esbuild/linux-mips64el'
652 silly reify ]
653 verbose reify failed optional dependency /Users/shibingzhang/git/imbinnng/x-link-expander-homepage/node_modules/@esbuild/linux-loong64
654 silly reify mark deleted [
654 silly reify   '/Users/shibingzhang/git/imbinnng/x-link-expander-homepage/node_modules/@esbuild/linux-loong64'
654 silly reify ]
655 verbose reify failed optional dependency /Users/shibingzhang/git/imbinnng/x-link-expander-homepage/node_modules/@esbuild/linux-ia32
656 silly reify mark deleted [
656 silly reify   '/Users/shibingzhang/git/imbinnng/x-link-expander-homepage/node_modules/@esbuild/linux-ia32'
656 silly reify ]
657 verbose reify failed optional dependency /Users/shibingzhang/git/imbinnng/x-link-expander-homepage/node_modules/@esbuild/linux-arm64
658 silly reify mark deleted [
658 silly reify   '/Users/shibingzhang/git/imbinnng/x-link-expander-homepage/node_modules/@esbuild/linux-arm64'
658 silly reify ]
659 verbose reify failed optional dependency /Users/shibingzhang/git/imbinnng/x-link-expander-homepage/node_modules/@esbuild/linux-arm
660 silly reify mark deleted [
660 silly reify   '/Users/shibingzhang/git/imbinnng/x-link-expander-homepage/node_modules/@esbuild/linux-arm'
660 silly reify ]
661 verbose reify failed optional dependency /Users/shibingzhang/git/imbinnng/x-link-expander-homepage/node_modules/@esbuild/freebsd-x64
662 silly reify mark deleted [
662 silly reify   '/Users/shibingzhang/git/imbinnng/x-link-expander-homepage/node_modules/@esbuild/freebsd-x64'
662 silly reify ]
663 verbose reify failed optional dependency /Users/shibingzhang/git/imbinnng/x-link-expander-homepage/node_modules/@esbuild/freebsd-arm64
664 silly reify mark deleted [
664 silly reify   '/Users/shibingzhang/git/imbinnng/x-link-expander-homepage/node_modules/@esbuild/freebsd-arm64'
664 silly reify ]
665 verbose reify failed optional dependency /Users/shibingzhang/git/imbinnng/x-link-expander-homepage/node_modules/@esbuild/darwin-x64
666 silly reify mark deleted [
666 silly reify   '/Users/shibingzhang/git/imbinnng/x-link-expander-homepage/node_modules/@esbuild/darwin-x64'
666 silly reify ]
667 verbose reify failed optional dependency /Users/shibingzhang/git/imbinnng/x-link-expander-homepage/node_modules/@esbuild/android-x64
668 silly reify mark deleted [
668 silly reify   '/Users/shibingzhang/git/imbinnng/x-link-expander-homepage/node_modules/@esbuild/android-x64'
668 silly reify ]
669 verbose reify failed optional dependency /Users/shibingzhang/git/imbinnng/x-link-expander-homepage/node_modules/@esbuild/android-arm64
670 silly reify mark deleted [
670 silly reify   '/Users/shibingzhang/git/imbinnng/x-link-expander-homepage/node_modules/@esbuild/android-arm64'
670 silly reify ]
671 verbose reify failed optional dependency /Users/shibingzhang/git/imbinnng/x-link-expander-homepage/node_modules/@esbuild/android-arm
672 silly reify mark deleted [
672 silly reify   '/Users/shibingzhang/git/imbinnng/x-link-expander-homepage/node_modules/@esbuild/android-arm'
672 silly reify ]
673 verbose reify failed optional dependency /Users/shibingzhang/git/imbinnng/x-link-expander-homepage/node_modules/@esbuild/aix-ppc64
674 silly reify mark deleted [
674 silly reify   '/Users/shibingzhang/git/imbinnng/x-link-expander-homepage/node_modules/@esbuild/aix-ppc64'
674 silly reify ]
675 http cache @rollup/rollup-darwin-arm64@https://registry.npmmirror.com/@rollup/rollup-darwin-arm64/-/rollup-darwin-arm64-4.55.1.tgz 0ms (cache hit)
676 http cache nanoid@https://registry.npmmirror.com/nanoid/-/nanoid-3.3.11.tgz 0ms (cache hit)
677 http cache source-map-js@https://registry.npmmirror.com/source-map-js/-/source-map-js-1.2.1.tgz 0ms (cache hit)
678 http cache rollup@https://registry.npmmirror.com/rollup/-/rollup-4.55.1.tgz 0ms (cache hit)
679 http cache postcss@https://registry.npmmirror.com/postcss/-/postcss-8.5.6.tgz 0ms (cache hit)
680 http cache fsevents@https://registry.npmmirror.com/fsevents/-/fsevents-2.3.3.tgz 0ms (cache hit)
681 http cache readdirp@https://registry.npmmirror.com/readdirp/-/readdirp-4.1.2.tgz 0ms (cache hit)
682 http cache esbuild@https://registry.npmmirror.com/esbuild/-/esbuild-0.21.5.tgz 0ms (cache hit)
683 http cache picocolors@https://registry.npmmirror.com/picocolors/-/picocolors-1.1.1.tgz 0ms (cache hit)
684 http cache fdir@https://registry.npmmirror.com/fdir/-/fdir-6.5.0.tgz 0ms (cache hit)
685 http cache chokidar@https://registry.npmmirror.com/chokidar/-/chokidar-4.0.3.tgz 0ms (cache hit)
686 http cache @jridgewell/resolve-uri@https://registry.npmmirror.com/@jridgewell/resolve-uri/-/resolve-uri-3.1.2.tgz 0ms (cache hit)
687 http cache @jridgewell/trace-mapping@https://registry.npmmirror.com/@jridgewell/trace-mapping/-/trace-mapping-0.3.31.tgz 0ms (cache hit)
688 http cache @jridgewell/gen-mapping@https://registry.npmmirror.com/@jridgewell/gen-mapping/-/gen-mapping-0.3.13.tgz 0ms (cache hit)
689 http cache @esbuild/darwin-arm64@https://registry.npmmirror.com/@esbuild/darwin-arm64/-/darwin-arm64-0.21.5.tgz 0ms (cache hit)
690 http cache zimmerframe@https://registry.npmmirror.com/zimmerframe/-/zimmerframe-1.1.4.tgz 0ms (cache hit)
691 http cache locate-character@https://registry.npmmirror.com/locate-character/-/locate-character-3.0.0.tgz 0ms (cache hit)
692 http cache is-reference@https://registry.npmmirror.com/is-reference/-/is-reference-3.0.3.tgz 0ms (cache hit)
693 http cache clsx@https://registry.npmmirror.com/clsx/-/clsx-2.1.1.tgz 0ms (cache hit)
694 http cache axobject-query@https://registry.npmmirror.com/axobject-query/-/axobject-query-4.1.0.tgz 0ms (cache hit)
695 http cache aria-query@https://registry.npmmirror.com/aria-query/-/aria-query-5.3.2.tgz 0ms (cache hit)
696 http cache @types/estree@https://registry.npmmirror.com/@types/estree/-/estree-1.0.8.tgz 0ms (cache hit)
697 http cache @jridgewell/remapping@https://registry.npmmirror.com/@jridgewell/remapping/-/remapping-2.3.5.tgz 0ms (cache hit)
698 http cache totalist@https://registry.npmmirror.com/totalist/-/totalist-3.0.1.tgz 0ms (cache hit)
699 http cache @polka/url@https://registry.npmmirror.com/@polka/url/-/url-1.0.0-next.29.tgz 0ms (cache hit)
700 http cache mri@https://registry.npmmirror.com/mri/-/mri-1.2.0.tgz 0ms (cache hit)
701 http cache @jridgewell/sourcemap-codec@https://registry.npmmirror.com/@jridgewell/sourcemap-codec/-/sourcemap-codec-1.5.5.tgz 0ms (cache hit)
702 http cache ms@https://registry.npmmirror.com/ms/-/ms-2.1.3.tgz 0ms (cache hit)
703 http cache vitefu@https://registry.npmmirror.com/vitefu/-/vitefu-1.1.1.tgz 0ms (cache hit)
704 http cache deepmerge@https://registry.npmmirror.com/deepmerge/-/deepmerge-4.3.1.tgz 0ms (cache hit)
705 http cache debug@https://registry.npmmirror.com/debug/-/debug-4.4.3.tgz 0ms (cache hit)
706 http cache sirv@https://registry.npmmirror.com/sirv/-/sirv-3.0.2.tgz 0ms (cache hit)
707 http cache @sveltejs/vite-plugin-svelte-inspector@https://registry.npmmirror.com/@sveltejs/vite-plugin-svelte-inspector/-/vite-plugin-svelte-inspector-3.0.1.tgz 0ms (cache hit)
708 http cache set-cookie-parser@https://registry.npmmirror.com/set-cookie-parser/-/set-cookie-parser-2.7.2.tgz 0ms (cache hit)
709 http cache sade@https://registry.npmmirror.com/sade/-/sade-1.8.1.tgz 0ms (cache hit)
710 http cache mrmime@https://registry.npmmirror.com/mrmime/-/mrmime-2.0.1.tgz 0ms (cache hit)
711 http cache magic-string@https://registry.npmmirror.com/magic-string/-/magic-string-0.30.21.tgz 0ms (cache hit)
712 http cache kleur@https://registry.npmmirror.com/kleur/-/kleur-4.1.5.tgz 0ms (cache hit)
713 http cache esm-env@https://registry.npmmirror.com/esm-env/-/esm-env-1.2.2.tgz 0ms (cache hit)
714 http cache devalue@https://registry.npmmirror.com/devalue/-/devalue-5.6.1.tgz 0ms (cache hit)
715 http cache esrap@https://registry.npmmirror.com/esrap/-/esrap-2.2.1.tgz 0ms (cache hit)
716 http cache @types/cookie@https://registry.npmmirror.com/@types/cookie/-/cookie-0.6.0.tgz 0ms (cache hit)
717 http cache @standard-schema/spec@https://registry.npmmirror.com/@standard-schema/spec/-/spec-1.1.0.tgz 0ms (cache hit)
718 http cache cookie@https://registry.npmmirror.com/cookie/-/cookie-0.6.0.tgz 0ms (cache hit)
719 http cache acorn@https://registry.npmmirror.com/acorn/-/acorn-8.15.0.tgz 0ms (cache hit)
720 http cache import-meta-resolve@https://registry.npmmirror.com/import-meta-resolve/-/import-meta-resolve-4.2.0.tgz 0ms (cache hit)
721 http cache typescript@https://registry.npmmirror.com/typescript/-/typescript-5.9.3.tgz 0ms (cache hit)
722 http cache svelte-check@https://registry.npmmirror.com/svelte-check/-/svelte-check-4.3.5.tgz 0ms (cache hit)
723 http cache vite@https://registry.npmmirror.com/vite/-/vite-5.4.21.tgz 0ms (cache hit)
724 http cache svelte@https://registry.npmmirror.com/svelte/-/svelte-5.46.1.tgz 0ms (cache hit)
725 http cache @sveltejs/vite-plugin-svelte@https://registry.npmmirror.com/@sveltejs/vite-plugin-svelte/-/vite-plugin-svelte-4.0.4.tgz 0ms (cache hit)
726 http cache @sveltejs/acorn-typescript@https://registry.npmmirror.com/@sveltejs/acorn-typescript/-/acorn-typescript-1.0.8.tgz 0ms (cache hit)
727 http cache @sveltejs/adapter-auto@https://registry.npmmirror.com/@sveltejs/adapter-auto/-/adapter-auto-3.3.1.tgz 0ms (cache hit)
728 http cache @sveltejs/kit@https://registry.npmmirror.com/@sveltejs/kit/-/kit-2.49.4.tgz 0ms (cache hit)
729 silly tarball no local data for @rollup/rollup-darwin-arm64@https://registry.npmmirror.com/@rollup/rollup-darwin-arm64/-/rollup-darwin-arm64-4.55.1.tgz. Extracting by manifest.
730 silly tarball no local data for nanoid@https://registry.npmmirror.com/nanoid/-/nanoid-3.3.11.tgz. Extracting by manifest.
731 silly tarball no local data for source-map-js@https://registry.npmmirror.com/source-map-js/-/source-map-js-1.2.1.tgz. Extracting by manifest.
732 silly tarball no local data for rollup@https://registry.npmmirror.com/rollup/-/rollup-4.55.1.tgz. Extracting by manifest.
733 silly tarball no local data for postcss@https://registry.npmmirror.com/postcss/-/postcss-8.5.6.tgz. Extracting by manifest.
734 silly tarball no local data for fsevents@https://registry.npmmirror.com/fsevents/-/fsevents-2.3.3.tgz. Extracting by manifest.
735 silly tarball no local data for readdirp@https://registry.npmmirror.com/readdirp/-/readdirp-4.1.2.tgz. Extracting by manifest.
736 silly tarball no local data for esbuild@https://registry.npmmirror.com/esbuild/-/esbuild-0.21.5.tgz. Extracting by manifest.
737 silly tarball no local data for picocolors@https://registry.npmmirror.com/picocolors/-/picocolors-1.1.1.tgz. Extracting by manifest.
738 silly tarball no local data for fdir@https://registry.npmmirror.com/fdir/-/fdir-6.5.0.tgz. Extracting by manifest.
739 silly tarball no local data for chokidar@https://registry.npmmirror.com/chokidar/-/chokidar-4.0.3.tgz. Extracting by manifest.
740 silly tarball no local data for @jridgewell/resolve-uri@https://registry.npmmirror.com/@jridgewell/resolve-uri/-/resolve-uri-3.1.2.tgz. Extracting by manifest.
741 silly tarball no local data for @jridgewell/trace-mapping@https://registry.npmmirror.com/@jridgewell/trace-mapping/-/trace-mapping-0.3.31.tgz. Extracting by manifest.
742 silly tarball no local data for @jridgewell/gen-mapping@https://registry.npmmirror.com/@jridgewell/gen-mapping/-/gen-mapping-0.3.13.tgz. Extracting by manifest.
743 silly tarball no local data for @esbuild/darwin-arm64@https://registry.npmmirror.com/@esbuild/darwin-arm64/-/darwin-arm64-0.21.5.tgz. Extracting by manifest.
744 silly tarball no local data for zimmerframe@https://registry.npmmirror.com/zimmerframe/-/zimmerframe-1.1.4.tgz. Extracting by manifest.
745 silly tarball no local data for locate-character@https://registry.npmmirror.com/locate-character/-/locate-character-3.0.0.tgz. Extracting by manifest.
746 silly tarball no local data for is-reference@https://registry.npmmirror.com/is-reference/-/is-reference-3.0.3.tgz. Extracting by manifest.
747 silly tarball no local data for clsx@https://registry.npmmirror.com/clsx/-/clsx-2.1.1.tgz. Extracting by manifest.
748 silly tarball no local data for axobject-query@https://registry.npmmirror.com/axobject-query/-/axobject-query-4.1.0.tgz. Extracting by manifest.
749 silly tarball no local data for aria-query@https://registry.npmmirror.com/aria-query/-/aria-query-5.3.2.tgz. Extracting by manifest.
750 silly tarball no local data for @types/estree@https://registry.npmmirror.com/@types/estree/-/estree-1.0.8.tgz. Extracting by manifest.
751 silly tarball no local data for @jridgewell/remapping@https://registry.npmmirror.com/@jridgewell/remapping/-/remapping-2.3.5.tgz. Extracting by manifest.
752 silly tarball no local data for totalist@https://registry.npmmirror.com/totalist/-/totalist-3.0.1.tgz. Extracting by manifest.
753 silly tarball no local data for @polka/url@https://registry.npmmirror.com/@polka/url/-/url-1.0.0-next.29.tgz. Extracting by manifest.
754 silly tarball no local data for mri@https://registry.npmmirror.com/mri/-/mri-1.2.0.tgz. Extracting by manifest.
755 silly tarball no local data for @jridgewell/sourcemap-codec@https://registry.npmmirror.com/@jridgewell/sourcemap-codec/-/sourcemap-codec-1.5.5.tgz. Extracting by manifest.
756 silly tarball no local data for ms@https://registry.npmmirror.com/ms/-/ms-2.1.3.tgz. Extracting by manifest.
757 silly tarball no local data for vitefu@https://registry.npmmirror.com/vitefu/-/vitefu-1.1.1.tgz. Extracting by manifest.
758 silly tarball no local data for deepmerge@https://registry.npmmirror.com/deepmerge/-/deepmerge-4.3.1.tgz. Extracting by manifest.
759 silly tarball no local data for debug@https://registry.npmmirror.com/debug/-/debug-4.4.3.tgz. Extracting by manifest.
760 silly tarball no local data for sirv@https://registry.npmmirror.com/sirv/-/sirv-3.0.2.tgz. Extracting by manifest.
761 silly tarball no local data for @sveltejs/vite-plugin-svelte-inspector@https://registry.npmmirror.com/@sveltejs/vite-plugin-svelte-inspector/-/vite-plugin-svelte-inspector-3.0.1.tgz. Extracting by manifest.
762 silly tarball no local data for set-cookie-parser@https://registry.npmmirror.com/set-cookie-parser/-/set-cookie-parser-2.7.2.tgz. Extracting by manifest.
763 silly tarball no local data for sade@https://registry.npmmirror.com/sade/-/sade-1.8.1.tgz. Extracting by manifest.
764 silly tarball no local data for mrmime@https://registry.npmmirror.com/mrmime/-/mrmime-2.0.1.tgz. Extracting by manifest.
765 silly tarball no local data for magic-string@https://registry.npmmirror.com/magic-string/-/magic-string-0.30.21.tgz. Extracting by manifest.
766 silly tarball no local data for kleur@https://registry.npmmirror.com/kleur/-/kleur-4.1.5.tgz. Extracting by manifest.
767 silly tarball no local data for esm-env@https://registry.npmmirror.com/esm-env/-/esm-env-1.2.2.tgz. Extracting by manifest.
768 silly tarball no local data for devalue@https://registry.npmmirror.com/devalue/-/devalue-5.6.1.tgz. Extracting by manifest.
769 silly tarball no local data for esrap@https://registry.npmmirror.com/esrap/-/esrap-2.2.1.tgz. Extracting by manifest.
770 silly tarball no local data for @types/cookie@https://registry.npmmirror.com/@types/cookie/-/cookie-0.6.0.tgz. Extracting by manifest.
771 silly tarball no local data for @standard-schema/spec@https://registry.npmmirror.com/@standard-schema/spec/-/spec-1.1.0.tgz. Extracting by manifest.
772 silly tarball no local data for cookie@https://registry.npmmirror.com/cookie/-/cookie-0.6.0.tgz. Extracting by manifest.
773 silly tarball no local data for acorn@https://registry.npmmirror.com/acorn/-/acorn-8.15.0.tgz. Extracting by manifest.
774 silly tarball no local data for import-meta-resolve@https://registry.npmmirror.com/import-meta-resolve/-/import-meta-resolve-4.2.0.tgz. Extracting by manifest.
775 silly tarball no local data for typescript@https://registry.npmmirror.com/typescript/-/typescript-5.9.3.tgz. Extracting by manifest.
776 silly tarball no local data for svelte-check@https://registry.npmmirror.com/svelte-check/-/svelte-check-4.3.5.tgz. Extracting by manifest.
777 silly tarball no local data for vite@https://registry.npmmirror.com/vite/-/vite-5.4.21.tgz. Extracting by manifest.
778 silly tarball no local data for svelte@https://registry.npmmirror.com/svelte/-/svelte-5.46.1.tgz. Extracting by manifest.
779 silly tarball no local data for @sveltejs/vite-plugin-svelte@https://registry.npmmirror.com/@sveltejs/vite-plugin-svelte/-/vite-plugin-svelte-4.0.4.tgz. Extracting by manifest.
780 silly tarball no local data for @sveltejs/acorn-typescript@https://registry.npmmirror.com/@sveltejs/acorn-typescript/-/acorn-typescript-1.0.8.tgz. Extracting by manifest.
781 silly tarball no local data for @sveltejs/adapter-auto@https://registry.npmmirror.com/@sveltejs/adapter-auto/-/adapter-auto-3.3.1.tgz. Extracting by manifest.
782 silly tarball no local data for @sveltejs/kit@https://registry.npmmirror.com/@sveltejs/kit/-/kit-2.49.4.tgz. Extracting by manifest.
783 http fetch POST 404 https://registry.npmmirror.com/-/npm/v1/security/advisories/bulk 42ms
784 silly audit bulk request failed [object Object]
785 http fetch GET 200 https://cdn.npmmirror.com/packages/nanoid/3.3.11/nanoid-3.3.11.tgz 227ms (cache miss)
786 http fetch GET 200 https://cdn.npmmirror.com/packages/fsevents/2.3.3/fsevents-2.3.3.tgz 271ms (cache miss)
787 http fetch GET 200 https://cdn.npmmirror.com/packages/axobject-query/4.1.0/axobject-query-4.1.0.tgz 281ms (cache miss)
788 http fetch GET 200 https://cdn.npmmirror.com/packages/picocolors/1.1.1/picocolors-1.1.1.tgz 283ms (cache miss)
789 http fetch GET 200 https://cdn.npmmirror.com/packages/postcss/8.5.6/postcss-8.5.6.tgz 298ms (cache miss)
790 http fetch GET 200 https://cdn.npmmirror.com/packages/fdir/6.5.0/fdir-6.5.0.tgz 306ms (cache miss)
791 http fetch GET 200 https://cdn.npmmirror.com/packages/readdirp/4.1.2/readdirp-4.1.2.tgz 307ms (cache miss)
792 http fetch GET 200 https://cdn.npmmirror.com/packages/clsx/2.1.1/clsx-2.1.1.tgz 311ms (cache miss)
793 http fetch GET 200 https://cdn.npmmirror.com/packages/is-reference/3.0.3/is-reference-3.0.3.tgz 322ms (cache miss)
794 http fetch GET 200 https://cdn.npmmirror.com/packages/zimmerframe/1.1.4/zimmerframe-1.1.4.tgz 322ms (cache miss)
795 http fetch GET 200 https://cdn.npmmirror.com/packages/source-map-js/1.2.1/source-map-js-1.2.1.tgz 324ms (cache miss)
796 http fetch GET 200 https://cdn.npmmirror.com/packages/aria-query/5.3.2/aria-query-5.3.2.tgz 324ms (cache miss)
797 http fetch GET 200 https://cdn.npmmirror.com/packages/%40types/estree/1.0.8/estree-1.0.8.tgz 364ms (cache miss)
798 http fetch GET 200 https://cdn.npmmirror.com/packages/%40polka/url/1.0.0-next.29/url-1.0.0-next.29.tgz 378ms (cache miss)
799 http fetch GET 200 https://cdn.npmmirror.com/packages/esbuild/0.21.5/esbuild-0.21.5.tgz 382ms (cache miss)
800 http fetch GET 200 https://cdn.npmmirror.com/packages/%40jridgewell/remapping/2.3.5/remapping-2.3.5.tgz 380ms (cache miss)
801 http fetch GET 200 https://cdn.npmmirror.com/packages/chokidar/4.0.3/chokidar-4.0.3.tgz 383ms (cache miss)
802 http fetch GET 200 https://cdn.npmmirror.com/packages/%40jridgewell/resolve-uri/3.1.2/resolve-uri-3.1.2.tgz 385ms (cache miss)
803 http fetch GET 200 https://cdn.npmmirror.com/packages/mri/1.2.0/mri-1.2.0.tgz 400ms (cache miss)
804 http fetch GET 200 https://cdn.npmmirror.com/packages/vitefu/1.1.1/vitefu-1.1.1.tgz 400ms (cache miss)
805 http fetch GET 200 https://cdn.npmmirror.com/packages/ms/2.1.3/ms-2.1.3.tgz 400ms (cache miss)
806 http fetch GET 200 https://cdn.npmmirror.com/packages/%40sveltejs/vite-plugin-svelte-inspector/3.0.1/vite-plugin-svelte-inspector-3.0.1.tgz 400ms (cache miss)
807 http fetch GET 200 https://cdn.npmmirror.com/packages/totalist/3.0.1/totalist-3.0.1.tgz 400ms (cache miss)
808 http fetch GET 200 https://cdn.npmmirror.com/packages/%40jridgewell/gen-mapping/0.3.13/gen-mapping-0.3.13.tgz 404ms (cache miss)
809 http fetch POST 404 https://registry.npmmirror.com/-/npm/v1/security/audits/quick 378ms
810 verbose audit error HttpErrorGeneral: 404 Not Found - POST https://registry.npmmirror.com/-/npm/v1/security/audits/quick - [NOT_IMPLEMENTED] /-/npm/v1/security/* not implemented yet
810 verbose audit error     at /usr/local/lib/node_modules/npm/node_modules/npm-registry-fetch/lib/check-response.js:103:15
810 verbose audit error     at process.processTicksAndRejections (node:internal/process/task_queues:105:5)
810 verbose audit error     at async [getReport] (/usr/local/lib/node_modules/npm/node_modules/@npmcli/arborist/lib/audit-report.js:336:21)
810 verbose audit error     at async AuditReport.run (/usr/local/lib/node_modules/npm/node_modules/@npmcli/arborist/lib/audit-report.js:106:19) {
810 verbose audit error   headers: [Object: null prototype] {
810 verbose audit error     server: [ 'Tengine' ],
810 verbose audit error     date: [ 'Sat, 10 Jan 2026 14:47:39 GMT' ],
810 verbose audit error     'content-type': [ 'application/json' ],
810 verbose audit error     'transfer-encoding': [ 'chunked' ],
810 verbose audit error     connection: [ 'keep-alive' ],
810 verbose audit error     'strict-transport-security': [ 'max-age=5184000' ],
810 verbose audit error     via: [ 'kunlun18.cn5230[,404666]' ],
810 verbose audit error     'timing-allow-origin': [ '*' ],
810 verbose audit error     eagleid: [ '6f30472f17680564599387671e' ],
810 verbose audit error     'x-fetch-attempts': [ '1' ]
810 verbose audit error   },
810 verbose audit error   statusCode: 404,
810 verbose audit error   code: 'E404',
810 verbose audit error   method: 'POST',
810 verbose audit error   uri: 'https://registry.npmmirror.com/-/npm/v1/security/audits/quick',
810 verbose audit error   body: {
810 verbose audit error     error: '[NOT_IMPLEMENTED] /-/npm/v1/security/* not implemented yet'
810 verbose audit error   },
810 verbose audit error   pkgid: undefined
810 verbose audit error }
811 silly audit error [object Object]
812 silly audit report null
813 http fetch GET 200 https://cdn.npmmirror.com/packages/set-cookie-parser/2.7.2/set-cookie-parser-2.7.2.tgz 414ms (cache miss)
814 http fetch GET 200 https://cdn.npmmirror.com/packages/sade/1.8.1/sade-1.8.1.tgz 422ms (cache miss)
815 http fetch GET 200 https://cdn.npmmirror.com/packages/deepmerge/4.3.1/deepmerge-4.3.1.tgz 425ms (cache miss)
816 http fetch GET 200 https://cdn.npmmirror.com/packages/debug/4.4.3/debug-4.4.3.tgz 429ms (cache miss)
817 http fetch GET 200 https://cdn.npmmirror.com/packages/mrmime/2.0.1/mrmime-2.0.1.tgz 437ms (cache miss)
818 http fetch GET 200 https://cdn.npmmirror.com/packages/kleur/4.1.5/kleur-4.1.5.tgz 438ms (cache miss)
819 http fetch GET 200 https://cdn.npmmirror.com/packages/esm-env/1.2.2/esm-env-1.2.2.tgz 444ms (cache miss)
820 http fetch GET 200 https://cdn.npmmirror.com/packages/%40standard-schema/spec/1.1.0/spec-1.1.0.tgz 457ms (cache miss)
821 http fetch GET 200 https://cdn.npmmirror.com/packages/sirv/3.0.2/sirv-3.0.2.tgz 459ms (cache miss)
822 http fetch GET 200 https://cdn.npmmirror.com/packages/locate-character/3.0.0/locate-character-3.0.0.tgz 465ms (cache miss)
823 http fetch GET 200 https://cdn.npmmirror.com/packages/%40jridgewell/trace-mapping/0.3.31/trace-mapping-0.3.31.tgz 468ms (cache miss)
824 http fetch GET 200 https://cdn.npmmirror.com/packages/cookie/0.6.0/cookie-0.6.0.tgz 466ms (cache miss)
825 http fetch GET 200 https://cdn.npmmirror.com/packages/%40types/cookie/0.6.0/cookie-0.6.0.tgz 466ms (cache miss)
826 http fetch GET 200 https://cdn.npmmirror.com/packages/devalue/5.6.1/devalue-5.6.1.tgz 478ms (cache miss)
827 http fetch GET 200 https://cdn.npmmirror.com/packages/%40jridgewell/sourcemap-codec/1.5.5/sourcemap-codec-1.5.5.tgz 479ms (cache miss)
828 http fetch GET 200 https://cdn.npmmirror.com/packages/esrap/2.2.1/esrap-2.2.1.tgz 524ms (cache miss)
829 http fetch GET 200 https://cdn.npmmirror.com/packages/%40sveltejs/vite-plugin-svelte/4.0.4/vite-plugin-svelte-4.0.4.tgz 524ms (cache miss)
830 http fetch GET 200 https://cdn.npmmirror.com/packages/import-meta-resolve/4.2.0/import-meta-resolve-4.2.0.tgz 527ms (cache miss)
831 http fetch GET 200 https://cdn.npmmirror.com/packages/magic-string/0.30.21/magic-string-0.30.21.tgz 537ms (cache miss)
832 http fetch GET 200 https://cdn.npmmirror.com/packages/%40sveltejs/acorn-typescript/1.0.8/acorn-typescript-1.0.8.tgz 655ms (cache miss)
833 http fetch GET 200 https://cdn.npmmirror.com/packages/%40sveltejs/adapter-auto/3.3.1/adapter-auto-3.3.1.tgz 659ms (cache miss)
834 http fetch GET 200 https://cdn.npmmirror.com/packages/acorn/8.15.0/acorn-8.15.0.tgz 931ms (cache miss)
835 http fetch GET 200 https://cdn.npmmirror.com/packages/%40sveltejs/kit/2.49.4/kit-2.49.4.tgz 1411ms (cache miss)
836 http fetch GET 200 https://cdn.npmmirror.com/packages/rollup/4.55.1/rollup-4.55.1.tgz 1982ms (cache miss)
837 http fetch GET 200 https://cdn.npmmirror.com/packages/typescript/5.9.3/typescript-5.9.3.tgz 2626ms (cache miss)
838 http fetch GET 200 https://cdn.npmmirror.com/packages/vite/5.4.21/vite-5.4.21.tgz 3143ms (cache miss)
839 http fetch GET 200 https://cdn.npmmirror.com/packages/svelte/5.46.1/svelte-5.46.1.tgz 3206ms (cache miss)
840 http fetch GET 200 https://cdn.npmmirror.com/packages/svelte-check/4.3.5/svelte-check-4.3.5.tgz 3351ms (cache miss)
841 http fetch GET 200 https://cdn.npmmirror.com/packages/%40rollup/rollup-darwin-arm64/4.55.1/rollup-darwin-arm64-4.55.1.tgz 3386ms (cache miss)
842 http fetch GET 200 https://cdn.npmmirror.com/packages/%40esbuild/darwin-arm64/0.21.5/darwin-arm64-0.21.5.tgz 11085ms (cache miss)
843 info run fsevents@2.3.3 install node_modules/fsevents node-gyp rebuild
844 info run fsevents@2.3.3 install { code: 1, signal: null }
845 verbose reify failed optional dependency /Users/shibingzhang/git/imbinnng/x-link-expander-homepage/node_modules/fsevents
846 silly reify mark deleted [
846 silly reify   '/Users/shibingzhang/git/imbinnng/x-link-expander-homepage/node_modules/fsevents'
846 silly reify ]
847 info run esbuild@0.21.5 postinstall node_modules/esbuild node install.js
848 info run esbuild@0.21.5 postinstall { code: 0, signal: null }
849 silly ADD
850 silly ADD
851 silly ADD
852 silly ADD
853 silly ADD
854 silly ADD
855 silly ADD
856 silly ADD
857 silly ADD
858 silly ADD
859 silly ADD
860 silly ADD
861 silly ADD
862 silly ADD
863 silly ADD
864 silly ADD
865 silly ADD
866 silly ADD
867 silly ADD
868 silly ADD
869 silly ADD
870 silly ADD
871 silly ADD node_modules/@rollup/rollup-darwin-arm64
872 silly ADD
873 silly ADD
874 silly ADD node_modules/source-map-js
875 silly ADD node_modules/nanoid
876 silly ADD
877 silly ADD
878 silly ADD
879 silly ADD
880 silly ADD
881 silly ADD
882 silly ADD
883 silly ADD
884 silly ADD
885 silly ADD
886 silly ADD
887 silly ADD
888 silly ADD
889 silly ADD
890 silly ADD
891 silly ADD
892 silly ADD
893 silly ADD
894 silly ADD node_modules/@esbuild/darwin-arm64
895 silly ADD
896 silly ADD
897 silly ADD
898 silly ADD
899 silly ADD node_modules/rollup
900 silly ADD node_modules/postcss
901 silly ADD
902 silly ADD node_modules/esbuild
903 silly ADD node_modules/readdirp
904 silly ADD node_modules/picocolors
905 silly ADD node_modules/fdir
906 silly ADD node_modules/chokidar
907 silly ADD node_modules/@jridgewell/resolve-uri
908 silly ADD node_modules/@jridgewell/trace-mapping
909 silly ADD node_modules/@jridgewell/gen-mapping
910 silly ADD node_modules/zimmerframe
911 silly ADD node_modules/locate-character
912 silly ADD node_modules/is-reference
913 silly ADD node_modules/esrap
914 silly ADD node_modules/clsx
915 silly ADD node_modules/axobject-query
916 silly ADD node_modules/aria-query
917 silly ADD node_modules/@types/estree
918 silly ADD node_modules/@jridgewell/remapping
919 silly ADD node_modules/totalist
920 silly ADD node_modules/@polka/url
921 silly ADD node_modules/mri
922 silly ADD node_modules/@jridgewell/sourcemap-codec
923 silly ADD node_modules/ms
924 silly ADD node_modules/vitefu
925 silly ADD node_modules/deepmerge
926 silly ADD node_modules/debug
927 silly ADD node_modules/@sveltejs/vite-plugin-svelte-inspector
928 silly ADD node_modules/sirv
929 silly ADD node_modules/set-cookie-parser
930 silly ADD node_modules/sade
931 silly ADD node_modules/mrmime
932 silly ADD node_modules/magic-string
933 silly ADD node_modules/kleur
934 silly ADD node_modules/esm-env
935 silly ADD node_modules/devalue
936 silly ADD node_modules/cookie
937 silly ADD node_modules/@types/cookie
938 silly ADD node_modules/acorn
939 silly ADD node_modules/@sveltejs/acorn-typescript
940 silly ADD node_modules/@standard-schema/spec
941 silly ADD node_modules/import-meta-resolve
942 silly ADD node_modules/typescript
943 silly ADD node_modules/svelte-check
944 silly ADD node_modules/vite
945 silly ADD node_modules/svelte
946 silly ADD node_modules/@sveltejs/vite-plugin-svelte
947 silly ADD node_modules/@sveltejs/kit
948 silly ADD node_modules/@sveltejs/adapter-auto
949 verbose cwd /Users/shibingzhang/git/imbinnng/x-link-expander-homepage
950 verbose os Darwin 24.6.0
951 verbose node v22.20.0
952 verbose npm  v10.9.3
953 verbose exit 0
954 info ok
